2023.01.30 18:40:50.188 [TRACE] com.stelmach.bartosz.ChessApp: Starting the SpringBoot Chess app
2023.01.30 18:40:50.544 [INFO] com.stelmach.bartosz.ChessApp: Starting ChessApp using Java 17.0.5 on DESKTOP-C8E0V2K with PID 34180 (C:\Users\Gosu\IdeaProjects\docker\Chess\build\classes\java\main started by Gosu in C:\Users\Gosu\IdeaProjects\docker\Chess)
2023.01.30 18:40:50.547 [DEBUG] com.stelmach.bartosz.ChessApp: Running with Spring Boot v2.7.3, Spring v5.3.22
2023.01.30 18:40:50.548 [INFO] com.stelmach.bartosz.ChessApp: No active profile set, falling back to 1 default profile: "default"
2023.01.30 18:40:54.501 [INFO] com.stelmach.bartosz.ChessApp: Started ChessApp in 4.247 seconds (JVM running for 5.082)
2023.01.30 18:41:36.460 [TRACE] com.stelmach.bartosz.controller.ChessController: /startGame endpoint called with parameters firstPlayerName: Magnus Carlsen, secondPlayerName: Hikaru Nakamura, areColoursRandom: true
2023.01.30 18:41:36.479 [TRACE] com.stelmach.bartosz.game.service.GameCreator: Persisting game: Game(ID=0, whiteName=Hikaru Nakamura, blackName=Magnus Carlsen, moves=[])
2023.01.30 18:41:36.536 [TRACE] com.stelmach.bartosz.game.service.GameCreator: Persisted game: Game(ID=36, whiteName=Hikaru Nakamura, blackName=Magnus Carlsen, moves=[]), gameFlags: GameFlags(ID=7, game=Game(ID=36, whiteName=Hikaru Nakamura, blackName=Magnus Carlsen, moves=[]), isWhiteToMove=true, hasWhiteKingMoved=false, hasBlackKingMoved=false, hasWhiteARookMoved=false, hasWhiteHRookMoved=false, hasBlackARookMoved=false, hasBlackHRookMoved=false, isWhiteKingChecked=false, isBlackKingChecked=false, isSomethingAttackingWhiteShortCastleSquares=false, isSomethingAttackingWhiteLongCastleSquares=false, isSomethingAttackingBlackShortCastleSquares=false, isSomethingAttackingBlackLongCastleSquares=false), board: BoardDbWrapper(ID=7, game=Game(ID=36, whiteName=Hikaru Nakamura, blackName=Magnus Carlsen, moves=[]), boardBytes=[-84, -19, 0, 5, 115, 114, 0, 42, 99, 111, 109, 46, 115, 116, 101, 108, 109, 97, 99, 104, 46, 98, 97, 114, 116, 111, 115, 122, 46, 98, 111, 97, 114, 100, 46, 99, 111, 109, 112, 111, 110, 101, 110, 116, 46, 66, 111, 97, 114, 100, 37, 42, 79, -2, -84, 0, -99, 119, 2, 0, 2, 76, 0, 13, 103, 114, 111, 117, 112, 101, 100, 80, 105, 101, 99, 101, 115, 116, 0, 15, 76, 106, 97, 118, 97, 47, 117, 116, 105, 108, 47, 77, 97, 112, 59, 91, 0, 6, 112, 105, 101, 99, 101, 115, 116, 0, 36, 91, 91, 76, 99, 111, 109, 47, 115, 116, 101, 108, 109, 97, 99, 104, 47, 98, 97, 114, 116, 111, 115, 122, 47, 112, 105, 101, 99, 101, 47, 80, 105, 101, 99, 101, 59, 120, 112, 115, 114, 0, 17, 106, 97, 118, 97, 46, 117, 116, 105, 108, 46, 72, 97, 115, 104, 77, 97, 112, 5, 7, -38, -63, -61, 22, 96, -47, 3, 0, 2, 70, 0, 10, 108, 111, 97, 100, 70, 97, 99, 116, 111, 114, 73, 0, 9, 116, 104, 114, 101, 115, 104, 111, 108, 100, 120, 112, 63, 64, 0, 0, 0, 0, 0, 12, 119, 8, 0, 0, 0, 16, 0, 0, 0, 2, 126, 114, 0, 54, 99, 111, 109, 46, 115, 116, 101, 108, 109, 97, 99, 104, 46, 98, 97, 114, 116, 111, 115, 122, 46, 98, 111, 97, 114, 100, 46, 99, 111, 109, 112, 111, 110, 101, 110, 116, 46, 66, 111, 97, 114, 100, 36, 80, 105, 101, 99, 101, 67, 111, 108, 111, 117, 114, 0, 0, 0, 0, 0, 0, 0, 0, 18, 0, 0, 120, 114, 0, 14, 106, 97, 118, 97, 46, 108, 97, 110, 103, 46, 69, 110, 117, 109, 0, 0, 0, 0, 0, 0, 0, 0, 18, 0, 0, 120, 112, 116, 0, 5, 87, 72, 73, 84, 69, 115, 114, 0, 53, 99, 111, 109, 46, 115, 116, 101, 108, 109, 97, 99, 104, 46, 98, 97, 114, 116, 111, 115, 122, 46, 98, 111, 97, 114, 100, 46, 115, 101, 114, 118, 105, 99, 101, 46, 66, 111, 97, 114, 100, 73, 110, 105, 116, 105, 97, 108, 105, 122, 101, 114, 36, 49, 58, 93, -125, -85, -89, -27, -82, -28, 2, 0, 0, 120, 113, 0, 126, 0, 4, 63, 64, 0, 0, 0, 0, 0, 12, 119, 8, 0, 0, 0, 16, 0, 0, 0, 6, 126, 114, 0, 52, 99, 111, 109, 46, 115, 116, 101, 108, 109, 97, 99, 104, 46, 98, 97, 114, 116, 111, 115, 122, 46, 98, 111, 97, 114, 100, 46, 99, 111, 109, 112, 111, 110, 101, 110, 116, 46, 66, 111, 97, 114, 100, 36, 80, 105, 101, 99, 101, 84, 121, 112, 101, 0, 0, 0, 0, 0, 0, 0, 0, 18, 0, 0, 120, 113, 0, 126, 0, 7, 116, 0, 4, 75, 73, 78, 71, 115, 114, 0, 19, 106, 97, 118, 97, 46, 117, 116, 105, 108, 46, 65, 114, 114, 97, 121, 76, 105, 115, 116, 120, -127, -46, 29, -103, -57, 97, -99, 3, 0, 1, 73, 0, 4, 115, 105, 122, 101, 120, 112, 0, 0, 0, 1, 119, 4, 0, 0, 0, 1, 115, 114, 0, 31, 99, 111, 109, 46, 115, 116, 101, 108, 109, 97, 99, 104, 46, 98, 97, 114, 116, 111, 115, 122, 46, 112, 105, 101, 99, 101, 46, 75, 105, 110, 103, -67, -6, 74, -22, -67, 112, -62, 121, 2, 0, 0, 120, 114, 0, 32, 99, 111, 109, 46, 115, 116, 101, 108, 109, 97, 99, 104, 46, 98, 97, 114, 116, 111, 115, 122, 46, 112, 105, 101, 99, 101, 46, 80, 105, 101, 99, 101, 126, 20, 123, -37, 22, 65, -68, 106, 2, 0, 6, 90, 0, 11, 105, 115, 66, 108, 111, 99, 107, 97, 98, 108, 101, 76, 0, 17, 97, 108, 108, 111, 119, 101, 100, 70, 105, 108, 101, 67, 104, 97, 110, 103, 101, 116, 0, 32, 76, 111, 114, 103, 47, 97, 112, 97, 99, 104, 101, 47, 99, 111, 109, 109, 111, 110, 115, 47, 108, 97, 110, 103, 51, 47, 82, 97, 110, 103, 101, 59, 76, 0, 17, 97, 108, 108, 111, 119, 101, 100, 82, 97, 110, 107, 67, 104, 97, 110, 103, 101, 113, 0, 126, 0, 19, 76, 0, 6, 99, 111, 108, 111, 117, 114, 116, 0, 56, 76, 99, 111, 109, 47, 115, 116, 101, 108, 109, 97, 99, 104, 47, 98, 97, 114, 116, 111, 115, 122, 47, 98, 111, 97, 114, 100, 47, 99, 111, 109, 112, 111, 110, 101, 110, 116, 47, 66, 111, 97, 114, 100, 36, 80, 105, 101, 99, 101, 67, 111, 108, 111, 117, 114, 59, 76, 0, 11, 99, 111, 111, 114, 100, 105, 110, 97, 116, 101, 115, 116, 0, 50, 76, 99, 111, 109, 47, 115, 116, 101, 108, 109, 97, 99, 104, 47, 98, 97, 114, 116, 111, 115, 122, 47, 98, 111, 97, 114, 100, 47, 99, 111, 109, 112, 111, 110, 101, 110, 116, 47, 67, 111, 111, 114, 100, 105, 110, 97, 116, 101, 115, 59, 76, 0, 4, 116, 121, 112, 101, 116, 0, 54, 76, 99, 111, 109, 47, 115, 116, 101, 108, 109, 97, 99, 104, 47, 98, 97, 114, 116, 111, 115, 122, 47, 98, 111, 97, 114, 100, 47, 99, 111, 109, 112, 111, 110, 101, 110, 116, 47, 66, 111, 97, 114, 100, 36, 80, 105, 101, 99, 101, 84, 121, 112, 101, 59, 120, 112, 1, 115, 114, 0, 30, 111, 114, 103, 46, 97, 112, 97, 99, 104, 101, 46, 99, 111, 109, 109, 111, 110, 115, 46, 108, 97, 110, 103, 51, 46, 82, 97, 110, 103, 101, 0, 0, 0, 0, 0, 0, 0, 1, 2, 0, 3, 76, 0, 10, 99, 111, 109, 112, 97, 114, 97, 116, 111, 114, 116, 0, 22, 76, 106, 97, 118, 97, 47, 117, 116, 105, 108, 47, 67, 111, 109, 112, 97, 114, 97, 116, 111, 114, 59, 76, 0, 7, 109, 97, 120, 105, 109, 117, 109, 116, 0, 18, 76, 106, 97, 118, 97, 47, 108, 97, 110, 103, 47, 79, 98, 106, 101, 99, 116, 59, 76, 0, 7, 109, 105, 110, 105, 109, 117, 109, 113, 0, 126, 0, 26, 120, 112, 126, 114, 0, 51, 111, 114, 103, 46, 97, 112, 97, 99, 104, 101, 46, 99, 111, 109, 109, 111, 110, 115, 46, 108, 97, 110, 103, 51, 46, 82, 97, 110, 103, 101, 36, 67, 111, 109, 112, 97, 114, 97, 98, 108, 101, 67, 111, 109, 112, 97, 114, 97, 116, 111, 114, 0, 0, 0, 0, 0, 0, 0, 0, 18, 0, 0, 120, 113, 0, 126, 0, 7, 116, 0, 8, 73, 78, 83, 84, 65, 78, 67, 69, 115, 114, 0, 17, 106, 97, 118, 97, 46, 108, 97, 110, 103, 46, 73, 110, 116, 101, 103, 101, 114, 18, -30, -96, -92, -9, -127, -121, 56, 2, 0, 1, 73, 0, 5, 118, 97, 108, 117, 101, 120, 114, 0, 16, 106, 97, 118, 97, 46, 108, 97, 110, 103, 46, 78, 117, 109, 98, 101, 114, -122, -84, -107, 29, 11, -108, -32, -117, 2, 0, 0, 120, 112, 0, 0, 0, 1, 115, 113, 0, 126, 0, 31, 0, 0, 0, 0, 115, 113, 0, 126, 0, 24, 113, 0, 126, 0, 29, 113, 0, 126, 0, 33, 113, 0, 126, 0, 34, 113, 0, 126, 0, 8, 115, 114, 0, 48, 99, 111, 109, 46, 115, 116, 101, 108, 109, 97, 99, 104, 46, 98, 97, 114, 116, 111, 115, 122, 46, 98, 111, 97, 114, 100, 46, 99, 111, 109, 112, 111, 110, 101, 110, 116, 46, 67, 111, 111, 114, 100, 105, 110, 97, 116, 101, 115, -112, 55, 0, -48, -102, 20, -128, 126, 2, 0, 2, 73, 0, 4, 102, 105, 108, 101, 73, 0, 4, 114, 97, 110, 107, 120, 112, 0, 0, 0, 4, 0, 0, 0, 0, 113, 0, 126, 0, 13, 120, 126, 113, 0, 126, 0, 12, 116, 0, 6, 66, 73, 83, 72, 79, 80, 115, 113, 0, 126, 0, 15, 0, 0, 0, 2, 119, 4, 0, 0, 0, 2, 115, 114, 0, 33, 99, 111, 109, 46, 115, 116, 101, 108, 109, 97, 99, 104, 46, 98, 97, 114, 116, 111, 115, 122, 46, 112, 105, 101, 99, 101, 46, 66, 105, 115, 104, 111, 112, 2, -68, 122, 73, 37, 117, 54, 23, 2, 0, 0, 120, 113, 0, 126, 0, 18, 1, 115, 113, 0, 126, 0, 24, 113, 0, 126, 0, 29, 115, 113, 0, 126, 0, 31, 0, 0, 0, 7, 113, 0, 126, 0, 33, 115, 113, 0, 126, 0, 24, 113, 0, 126, 0, 29, 113, 0, 126, 0, 44, 113, 0, 126, 0, 33, 113, 0, 126, 0, 8, 115, 113, 0, 126, 0, 36, 0, 0, 0, 2, 0, 0, 0, 0, 113, 0, 126, 0, 38, 115, 113, 0, 126, 0, 41, 1, 115, 113, 0, 126, 0, 24, 113, 0, 126, 0, 29, 113, 0, 126, 0, 44, 113, 0, 126, 0, 33, 115, 113, 0, 126, 0, 24, 113, 0, 126, 0, 29, 113, 0, 126, 0, 44, 113, 0, 126, 0, 33, 113, 0, 126, 0, 8, 115, 113, 0, 126, 0, 36, 0, 0, 0, 5, 0, 0, 0, 0, 113, 0, 126, 0, 38, 120, 126, 113, 0, 126, 0, 12, 116, 0, 6, 75, 78, 73, 71, 72, 84, 115, 113, 0, 126, 0, 15, 0, 0, 0, 2, 119, 4, 0, 0, 0, 2, 115, 114, 0, 33, 99, 111, 109, 46, 115, 116, 101, 108, 109, 97, 99, 104, 46, 98, 97, 114, 116, 111, 115, 122, 46, 112, 105, 101, 99, 101, 46, 75, 110, 105, 103, 104, 116, 85, -27, -104, 5, -109, -124, 45, -73, 2, 0, 0, 120, 113, 0, 126, 0, 18, 0, 115, 113, 0, 126, 0, 24, 113, 0, 126, 0, 29, 115, 113, 0, 126, 0, 31, 0, 0, 0, 2, 113, 0, 126, 0, 33, 115, 113, 0, 126, 0, 24, 113, 0, 126, 0, 29, 113, 0, 126, 0, 57, 113, 0, 126, 0, 33, 113, 0, 126, 0, 8, 115, 113, 0, 126, 0, 36, 0, 0, 0, 1, 0, 0, 0, 0, 113, 0, 126, 0, 51, 115, 113, 0, 126, 0, 54, 0, 115, 113, 0, 126, 0, 24, 113, 0, 126, 0, 29, 113, 0, 126, 0, 57, 113, 0, 126, 0, 33, 115, 113, 0, 126, 0, 24, 113, 0, 126, 0, 29, 113, 0, 126, 0, 57, 113, 0, 126, 0, 33, 113, 0, 126, 0, 8, 115, 113, 0, 126, 0, 36, 0, 0, 0, 6, 0, 0, 0, 0, 113, 0, 126, 0, 51, 120, 126, 113, 0, 126, 0, 12, 116, 0, 5, 81, 85, 69, 69, 78, 115, 113, 0, 126, 0, 15, 0, 0, 0, 1, 119, 4, 0, 0, 0, 1, 115, 114, 0, 32, 99, 111, 109, 46, 115, 116, 101, 108, 109, 97, 99, 104, 46, 98, 97, 114, 116, 111, 115, 122, 46, 112, 105, 101, 99, 101, 46, 81, 117, 101, 101, 110, -30, 115, -17, -113, -66, -67, -58, -18, 2, 0, 0, 120, 113, 0, 126, 0, 18, 1, 115, 113, 0, 126, 0, 24, 113, 0, 126, 0, 29, 113, 0, 126, 0, 44, 113, 0, 126, 0, 34, 115, 113, 0, 126, 0, 24, 113, 0, 126, 0, 29, 113, 0, 126, 0, 44, 113, 0, 126, 0, 34, 113, 0, 126, 0, 8, 115, 113, 0, 126, 0, 36, 0, 0, 0, 3, 0, 0, 0, 0, 113, 0, 126, 0, 64, 120, 126, 113, 0, 126, 0, 12, 116, 0, 4, 80, 65, 87, 78, 115, 113, 0, 126, 0, 15, 0, 0, 0, 8, 119, 4, 0, 0, 0, 8, 115, 114, 0, 31, 99, 111, 109, 46, 115, 116, 101, 108, 109, 97, 99, 104, 46, 98, 97, 114, 116, 111, 115, 122, 46, 112, 105, 101, 99, 101, 46, 80, 97, 119, 110, 7, 89, 18, 25, -111, 68, 81, -2, 2, 0, 0, 120, 113, 0, 126, 0, 18, 1, 115, 113, 0, 126, 0, 24, 113, 0, 126, 0, 29, 113, 0, 126, 0, 33, 113, 0, 126, 0, 34, 115, 113, 0, 126, 0, 24, 113, 0, 126, 0, 29, 113, 0, 126, 0, 57, 113, 0, 126, 0, 33, 113, 0, 126, 0, 8, 115, 113, 0, 126, 0, 36, 0, 0, 0, 0, 0, 0, 0, 1, 113, 0, 126, 0, 72, 115, 113, 0, 126, 0, 75, 1, 115, 113, 0, 126, 0, 24, 113, 0, 126, 0, 29, 113, 0, 126, 0, 33, 113, 0, 126, 0, 34, 115, 113, 0, 126, 0, 24, 113, 0, 126, 0, 29, 113, 0, 126, 0, 57, 113, 0, 126, 0, 33, 113, 0, 126, 0, 8, 115, 113, 0, 126, 0, 36, 0, 0, 0, 1, 0, 0, 0, 1, 113, 0, 126, 0, 72, 115, 113, 0, 126, 0, 75, 1, 115, 113, 0, 126, 0, 24, 113, 0, 126, 0, 29, 113, 0, 126, 0, 33, 113, 0, 126, 0, 34, 115, 113, 0, 126, 0, 24, 113, 0, 126, 0, 29, 113, 0, 126, 0, 57, 113, 0, 126, 0, 33, 113, 0, 126, 0, 8, 115, 113, 0, 126, 0, 36, 0, 0, 0, 2, 0, 0, 0, 1, 113, 0, 126, 0, 72, 115, 113, 0, 126, 0, 75, 1, 115, 113, 0, 126, 0, 24, 113, 0, 126, 0, 29, 113, 0, 126, 0, 33, 113, 0, 126, 0, 34, 115, 113, 0, 126, 0, 24, 113, 0, 126, 0, 29, 113, 0, 126, 0, 57, 113, 0, 126, 0, 33, 113, 0, 126, 0, 8, 115, 113, 0, 126, 0, 36, 0, 0, 0, 3, 0, 0, 0, 1, 113, 0, 126, 0, 72, 115, 113, 0, 126, 0, 75, 1, 115, 113, 0, 126, 0, 24, 113, 0, 126, 0, 29, 113, 0, 126, 0, 33, 113, 0, 126, 0, 34, 115, 113, 0, 126, 0, 24, 113, 0, 126, 0, 29, 113, 0, 126, 0, 57, 113, 0, 126, 0, 33, 113, 0, 126, 0, 8, 115, 113, 0, 126, 0, 36, 0, 0, 0, 4, 0, 0, 0, 1, 113, 0, 126, 0, 72, 115, 113, 0, 126, 0, 75, 1, 115, 113, 0, 126, 0, 24, 113, 0, 126, 0, 29, 113, 0, 126, 0, 33, 113, 0, 126, 0, 34, 115, 113, 0, 126, 0, 24, 113, 0, 126, 0, 29, 113, 0, 126, 0, 57, 113, 0, 126, 0, 33, 113, 0, 126, 0, 8, 115, 113, 0, 126, 0, 36, 0, 0, 0, 5, 0, 0, 0, 1, 113, 0, 126, 0, 72, 115, 113, 0, 126, 0, 75, 1, 115, 113, 0, 126, 0, 24, 113, 0, 126, 0, 29, 113, 0, 126, 0, 33, 113, 0, 126, 0, 34, 115, 113, 0, 126, 0, 24, 113, 0, 126, 0, 29, 113, 0, 126, 0, 57, 113, 0, 126, 0, 33, 113, 0, 126, 0, 8, 115, 113, 0, 126, 0, 36, 0, 0, 0, 6, 0, 0, 0, 1, 113, 0, 126, 0, 72, 115, 113, 0, 126, 0, 75, 1, 115, 113, 0, 126, 0, 24, 113, 0, 126, 0, 29, 113, 0, 126, 0, 33, 113, 0, 126, 0, 34, 115, 113, 0, 126, 0, 24, 113, 0, 126, 0, 29, 113, 0, 126, 0, 57, 113, 0, 126, 0, 33, 113, 0, 126, 0, 8, 115, 113, 0, 126, 0, 36, 0, 0, 0, 7, 0, 0, 0, 1, 113, 0, 126, 0, 72, 120, 126, 113, 0, 126, 0, 12, 116, 0, 4, 82, 79, 79, 75, 115, 113, 0, 126, 0, 15, 0, 0, 0, 2, 119, 4, 0, 0, 0, 2, 115, 114, 0, 31, 99, 111, 109, 46, 115, 116, 101, 108, 109, 97, 99, 104, 46, 98, 97, 114, 116, 111, 115, 122, 46, 112, 105, 101, 99, 101, 46, 82, 111, 111, 107, -77, -107, 48, -76, 13, -105, 57, 58, 2, 0, 0, 120, 113, 0, 126, 0, 18, 1, 115, 113, 0, 126, 0, 24, 113, 0, 126, 0, 29, 113, 0, 126, 0, 44, 113, 0, 126, 0, 34, 115, 113, 0, 126, 0, 24, 113, 0, 126, 0, 29, 113, 0, 126, 0, 44, 113, 0, 126, 0, 34, 113, 0, 126, 0, 8, 115, 113, 0, 126, 0, 36, 0, 0, 0, 0, 0, 0, 0, 0, 113, 0, 126, 0, 108, 115, 113, 0, 126, 0, 111, 1, 115, 113, 0, 126, 0, 24, 113, 0, 126, 0, 29, 113, 0, 126, 0, 44, 113, 0, 126, 0, 34, 115, 113, 0, 126, 0, 24, 113, 0, 126, 0, 29, 113, 0, 126, 0, 44, 113, 0, 126, 0, 34, 113, 0, 126, 0, 8, 115, 113, 0, 126, 0, 36, 0, 0, 0, 7, 0, 0, 0, 0, 113, 0, 126, 0, 108, 120, 120, 126, 113, 0, 126, 0, 6, 116, 0, 5, 66, 76, 65, 67, 75, 115, 113, 0, 126, 0, 10, 63, 64, 0, 0, 0, 0, 0, 12, 119, 8, 0, 0, 0, 16, 0, 0, 0, 6, 113, 0, 126, 0, 13, 115, 113, 0, 126, 0, 15, 0, 0, 0, 1, 119, 4, 0, 0, 0, 1, 115, 113, 0, 126, 0, 17, 1, 115, 113, 0, 126, 0, 24, 113, 0, 126, 0, 29, 113, 0, 126, 0, 33, 113, 0, 126, 0, 34, 115, 113, 0, 126, 0, 24, 113, 0, 126, 0, 29, 113, 0, 126, 0, 33, 113, 0, 126, 0, 34, 113, 0, 126, 0, 120, 115, 113, 0, 126, 0, 36, 0, 0, 0, 4, 0, 0, 0, 7, 113, 0, 126, 0, 13, 120, 113, 0, 126, 0, 38, 115, 113, 0, 126, 0, 15, 0, 0, 0, 2, 119, 4, 0, 0, 0, 2, 115, 113, 0, 126, 0, 41, 1, 115, 113, 0, 126, 0, 24, 113, 0, 126, 0, 29, 113, 0, 126, 0, 44, 113, 0, 126, 0, 33, 115, 113, 0, 126, 0, 24, 113, 0, 126, 0, 29, 113, 0, 126, 0, 44, 113, 0, 126, 0, 33, 113, 0, 126, 0, 120, 115, 113, 0, 126, 0, 36, 0, 0, 0, 2, 0, 0, 0, 7, 113, 0, 126, 0, 38, 115, 113, 0, 126, 0, 41, 1, 115, 113, 0, 126, 0, 24, 113, 0, 126, 0, 29, 113, 0, 126, 0, 44, 113, 0, 126, 0, 33, 115, 113, 0, 126, 0, 24, 113, 0, 126, 0, 29, 113, 0, 126, 0, 44, 113, 0, 126, 0, 33, 113, 0, 126, 0, 120, 115, 113, 0, 126, 0, 36, 0, 0, 0, 5, 0, 0, 0, 7, 113, 0, 126, 0, 38, 120, 113, 0, 126, 0, 51, 115, 113, 0, 126, 0, 15, 0, 0, 0, 2, 119, 4, 0, 0, 0, 2, 115, 113, 0, 126, 0, 54, 0, 115, 113, 0, 126, 0, 24, 113, 0, 126, 0, 29, 113, 0, 126, 0, 57, 113, 0, 126, 0, 33, 115, 113, 0, 126, 0, 24, 113, 0, 126, 0, 29, 113, 0, 126, 0, 57, 113, 0, 126, 0, 33, 113, 0, 126, 0, 120, 115, 113, 0, 126, 0, 36, 0, 0, 0, 1, 0, 0, 0, 7, 113, 0, 126, 0, 51, 115, 113, 0, 126, 0, 54, 0, 115, 113, 0, 126, 0, 24, 113, 0, 126, 0, 29, 113, 0, 126, 0, 57, 113, 0, 126, 0, 33, 115, 113, 0, 126, 0, 24, 113, 0, 126, 0, 29, 113, 0, 126, 0, 57, 113, 0, 126, 0, 33, 113, 0, 126, 0, 120, 115, 113, 0, 126, 0, 36, 0, 0, 0, 6, 0, 0, 0, 7, 113, 0, 126, 0, 51, 120, 113, 0, 126, 0, 64, 115, 113, 0, 126, 0, 15, 0, 0, 0, 1, 119, 4, 0, 0, 0, 1, 115, 113, 0, 126, 0, 67, 1, 115, 113, 0, 126, 0, 24, 113, 0, 126, 0, 29, 113, 0, 126, 0, 44, 113, 0, 126, 0, 34, 115, 113, 0, 126, 0, 24, 113, 0, 126, 0, 29, 113, 0, 126, 0, 44, 113, 0, 126, 0, 34, 113, 0, 126, 0, 120, 115, 113, 0, 126, 0, 36, 0, 0, 0, 3, 0, 0, 0, 7, 113, 0, 126, 0, 64, 120, 113, 0, 126, 0, 72, 115, 113, 0, 126, 0, 15, 0, 0, 0, 8, 119, 4, 0, 0, 0, 8, 115, 113, 0, 126, 0, 75, 1, 115, 113, 0, 126, 0, 24, 113, 0, 126, 0, 29, 113, 0, 126, 0, 33, 113, 0, 126, 0, 34, 115, 113, 0, 126, 0, 24, 113, 0, 126, 0, 29, 113, 0, 126, 0, 57, 113, 0, 126, 0, 33, 113, 0, 126, 0, 120, 115, 113, 0, 126, 0, 36, 0, 0, 0, 0, 0, 0, 0, 6, 113, 0, 126, 0, 72, 115, 113, 0, 126, 0, 75, 1, 115, 113, 0, 126, 0, 24, 113, 0, 126, 0, 29, 113, 0, 126, 0, 33, 113, 0, 126, 0, 34, 115, 113, 0, 126, 0, 24, 113, 0, 126, 0, 29, 113, 0, 126, 0, 57, 113, 0, 126, 0, 33, 113, 0, 126, 0, 120, 115, 113, 0, 126, 0, 36, 0, 0, 0, 1, 0, 0, 0, 6, 113, 0, 126, 0, 72, 115, 113, 0, 126, 0, 75, 1, 115, 113, 0, 126, 0, 24, 113, 0, 126, 0, 29, 113, 0, 126, 0, 33, 113, 0, 126, 0, 34, 115, 113, 0, 126, 0, 24, 113, 0, 126, 0, 29, 113, 0, 126, 0, 57, 113, 0, 126, 0, 33, 113, 0, 126, 0, 120, 115, 113, 0, 126, 0, 36, 0, 0, 0, 2, 0, 0, 0, 6, 113, 0, 126, 0, 72, 115, 113, 0, 126, 0, 75, 1, 115, 113, 0, 126, 0, 24, 113, 0, 126, 0, 29, 113, 0, 126, 0, 33, 113, 0, 126, 0, 34, 115, 113, 0, 126, 0, 24, 113, 0, 126, 0, 29, 113, 0, 126, 0, 57, 113, 0, 126, 0, 33, 113, 0, 126, 0, 120, 115, 113, 0, 126, 0, 36, 0, 0, 0, 3, 0, 0, 0, 6, 113, 0, 126, 0, 72, 115, 113, 0, 126, 0, 75, 1, 115, 113, 0, 126, 0, 24, 113, 0, 126, 0, 29, 113, 0, 126, 0, 33, 113, 0, 126, 0, 34, 115, 113, 0, 126, 0, 24, 113, 0, 126, 0, 29, 113, 0, 126, 0, 57, 113, 0, 126, 0, 33, 113, 0, 126, 0, 120, 115, 113, 0, 126, 0, 36, 0, 0, 0, 4, 0, 0, 0, 6, 113, 0, 126, 0, 72, 115, 113, 0, 126, 0, 75, 1, 115, 113, 0, 126, 0, 24, 113, 0, 126, 0, 29, 113, 0, 126, 0, 33, 113, 0, 126, 0, 34, 115, 113, 0, 126, 0, 24, 113, 0, 126, 0, 29, 113, 0, 126, 0, 57, 113, 0, 126, 0, 33, 113, 0, 126, 0, 120, 115, 113, 0, 126, 0, 36, 0, 0, 0, 5, 0, 0, 0, 6, 113, 0, 126, 0, 72, 115, 113, 0, 126, 0, 75, 1, 115, 113, 0, 126, 0, 24, 113, 0, 126, 0, 29, 113, 0, 126, 0, 33, 113, 0, 126, 0, 34, 115, 113, 0, 126, 0, 24, 113, 0, 126, 0, 29, 113, 0, 126, 0, 57, 113, 0, 126, 0, 33, 113, 0, 126, 0, 120, 115, 113, 0, 126, 0, 36, 0, 0, 0, 6, 0, 0, 0, 6, 113, 0, 126, 0, 72, 115, 113, 0, 126, 0, 75, 1, 115, 113, 0, 126, 0, 24, 113, 0, 126, 0, 29, 113, 0, 126, 0, 33, 113, 0, 126, 0, 34, 115, 113, 0, 126, 0, 24, 113, 0, 126, 0, 29, 113, 0, 126, 0, 57, 113, 0, 126, 0, 33, 113, 0, 126, 0, 120, 115, 113, 0, 126, 0, 36, 0, 0, 0, 7, 0, 0, 0, 6, 113, 0, 126, 0, 72, 120, 113, 0, 126, 0, 108, 115, 113, 0, 126, 0, 15, 0, 0, 0, 2, 119, 4, 0, 0, 0, 2, 115, 113, 0, 126, 0, 111, 1, 115, 113, 0, 126, 0, 24, 113, 0, 126, 0, 29, 113, 0, 126, 0, 44, 113, 0, 126, 0, 34, 115, 113, 0, 126, 0, 24, 113, 0, 126, 0, 29, 113, 0, 126, 0, 44, 113, 0, 126, 0, 34, 113, 0, 126, 0, 120, 115, 113, 0, 126, 0, 36, 0, 0, 0, 0, 0, 0, 0, 7, 113, 0, 126, 0, 108, 115, 113, 0, 126, 0, 111, 1, 115, 113, 0, 126, 0, 24, 113, 0, 126, 0, 29, 113, 0, 126, 0, 44, 113, 0, 126, 0, 34, 115, 113, 0, 126, 0, 24, 113, 0, 126, 0, 29, 113, 0, 126, 0, 44, 113, 0, 126, 0, 34, 113, 0, 126, 0, 120, 115, 113, 0, 126, 0, 36, 0, 0, 0, 7, 0, 0, 0, 7, 113, 0, 126, 0, 108, 120, 120, 120, 117, 114, 0, 36, 91, 91, 76, 99, 111, 109, 46, 115, 116, 101, 108, 109, 97, 99, 104, 46, 98, 97, 114, 116, 111, 115, 122, 46, 112, 105, 101, 99, 101, 46, 80, 105, 101, 99, 101, 59, -115, -1, -19, 73, 13, -45, -51, -81, 2, 0, 0, 120, 112, 0, 0, 0, 8, 117, 114, 0, 35, 91, 76, 99, 111, 109, 46, 115, 116, 101, 108, 109, 97, 99, 104, 46, 98, 97, 114, 116, 111, 115, 122, 46, 112, 105, 101, 99, 101, 46, 80, 105, 101, 99, 101, 59, -123, 122, -35, -92, 11, 6, 77, -8, 2, 0, 0, 120, 112, 0, 0, 0, 8, 113, 0, 126, 0, 112, 113, 0, 126, 0, 55, 113, 0, 126, 0, 42, 113, 0, 126, 0, 68, 113, 0, 126, 0, 23, 113, 0, 126, 0, 47, 113, 0, 126, 0, 60, 113, 0, 126, 0, 116, 117, 113, 0, 126, 0, -61, 0, 0, 0, 8, 113, 0, 126, 0, 76, 113, 0, 126, 0, 80, 113, 0, 126, 0, 84, 113, 0, 126, 0, 88, 113, 0, 126, 0, 92, 113, 0, 126, 0, 96, 113, 0, 126, 0, 100, 113, 0, 126, 0, 104, 117, 113, 0, 126, 0, -61, 0, 0, 0, 8, 112, 112, 112, 112, 112, 112, 112, 112, 117, 113, 0, 126, 0, -61, 0, 0, 0, 8, 112, 112, 112, 112, 112, 112, 112, 112, 117, 113, 0, 126, 0, -61, 0, 0, 0, 8, 112, 112, 112, 112, 112, 112, 112, 112, 117, 113, 0, 126, 0, -61, 0, 0, 0, 8, 112, 112, 112, 112, 112, 112, 112, 112, 117, 113, 0, 126, 0, -61, 0, 0, 0, 8, 113, 0, 126, 0, -104, 113, 0, 126, 0, -100, 113, 0, 126, 0, -96, 113, 0, 126, 0, -92, 113, 0, 126, 0, -88, 113, 0, 126, 0, -84, 113, 0, 126, 0, -80, 113, 0, 126, 0, -76, 117, 113, 0, 126, 0, -61, 0, 0, 0, 8, 113, 0, 126, 0, -71, 113, 0, 126, 0, -118, 113, 0, 126, 0, -127, 113, 0, 126, 0, -109, 113, 0, 126, 0, 124, 113, 0, 126, 0, -123, 113, 0, 126, 0, -114, 113, 0, 126, 0, -67], board=null)
2023.01.30 18:42:20.332 [TRACE] com.stelmach.bartosz.controller.ChessController: /startGame endpoint called with parameters id: 36, colour: WHITE, move: e5
2023.01.30 18:42:20.455 [ERROR] com.stelmach.bartosz.controller.RestResponseExceptionHandler: Request mapping: uri=/playMove
2023.01.30 18:42:20.455 [ERROR] com.stelmach.bartosz.controller.RestResponseExceptionHandler: Request input params:
2023.01.30 18:42:20.456 [ERROR] com.stelmach.bartosz.controller.RestResponseExceptionHandler: id: [36]
2023.01.30 18:42:20.456 [ERROR] com.stelmach.bartosz.controller.RestResponseExceptionHandler: colour: [WHITE]
2023.01.30 18:42:20.456 [ERROR] com.stelmach.bartosz.controller.RestResponseExceptionHandler: move: [e5]
2023.01.30 18:42:20.457 [ERROR] com.stelmach.bartosz.controller.RestResponseExceptionHandler: Exception message: There's no piece that can perform this move
2023.01.30 18:42:20.458 [ERROR] com.stelmach.bartosz.controller.RestResponseExceptionHandler: Exception stack trace: java.lang.IllegalArgumentException: There's no piece that can perform this move
	at com.stelmach.bartosz.move.service.MoveParser.getPieceToMove(MoveParser.java:99)
	at com.stelmach.bartosz.move.service.MoveParser.parseMove(MoveParser.java:38)
	at com.stelmach.bartosz.move.service.MovePlayer.playMove(MovePlayer.java:39)
	at com.stelmach.bartosz.controller.ChessController.playMove(ChessController.java:48)
	at java.base/jdk.internal.reflect.NativeMethodAccessorImpl.invoke0(Native Method)
	at java.base/jdk.internal.reflect.NativeMethodAccessorImpl.invoke(NativeMethodAccessorImpl.java:77)
	at java.base/jdk.internal.reflect.DelegatingMethodAccessorImpl.invoke(DelegatingMethodAccessorImpl.java:43)
	at java.base/java.lang.reflect.Method.invoke(Method.java:568)
	at org.springframework.web.method.support.InvocableHandlerMethod.doInvoke(InvocableHandlerMethod.java:205)
	at org.springframework.web.method.support.InvocableHandlerMethod.invokeForRequest(InvocableHandlerMethod.java:150)
	at org.springframework.web.servlet.mvc.method.annotation.ServletInvocableHandlerMethod.invokeAndHandle(ServletInvocableHandlerMethod.java:117)
	at org.springframework.web.servlet.mvc.method.annotation.RequestMappingHandlerAdapter.invokeHandlerMethod(RequestMappingHandlerAdapter.java:895)
	at org.springframework.web.servlet.mvc.method.annotation.RequestMappingHandlerAdapter.handleInternal(RequestMappingHandlerAdapter.java:808)
	at org.springframework.web.servlet.mvc.method.AbstractHandlerMethodAdapter.handle(AbstractHandlerMethodAdapter.java:87)
	at org.springframework.web.servlet.DispatcherServlet.doDispatch(DispatcherServlet.java:1070)
	at org.springframework.web.servlet.DispatcherServlet.doService(DispatcherServlet.java:963)
	at org.springframework.web.servlet.FrameworkServlet.processRequest(FrameworkServlet.java:1006)
	at org.springframework.web.servlet.FrameworkServlet.doPost(FrameworkServlet.java:909)
	at javax.servlet.http.HttpServlet.service(HttpServlet.java:681)
	at org.springframework.web.servlet.FrameworkServlet.service(FrameworkServlet.java:883)
	at javax.servlet.http.HttpServlet.service(HttpServlet.java:764)
	at org.apache.catalina.core.ApplicationFilterChain.internalDoFilter(ApplicationFilterChain.java:227)
	at org.apache.catalina.core.ApplicationFilterChain.doFilter(ApplicationFilterChain.java:162)
	at org.apache.tomcat.websocket.server.WsFilter.doFilter(WsFilter.java:53)
	at org.apache.catalina.core.ApplicationFilterChain.internalDoFilter(ApplicationFilterChain.java:189)
	at org.apache.catalina.core.ApplicationFilterChain.doFilter(ApplicationFilterChain.java:162)
	at org.springframework.web.filter.RequestContextFilter.doFilterInternal(RequestContextFilter.java:100)
	at org.springframework.web.filter.OncePerRequestFilter.doFilter(OncePerRequestFilter.java:117)
	at org.apache.catalina.core.ApplicationFilterChain.internalDoFilter(ApplicationFilterChain.java:189)
	at org.apache.catalina.core.ApplicationFilterChain.doFilter(ApplicationFilterChain.java:162)
	at org.springframework.web.filter.FormContentFilter.doFilterInternal(FormContentFilter.java:93)
	at org.springframework.web.filter.OncePerRequestFilter.doFilter(OncePerRequestFilter.java:117)
	at org.apache.catalina.core.ApplicationFilterChain.internalDoFilter(ApplicationFilterChain.java:189)
	at org.apache.catalina.core.ApplicationFilterChain.doFilter(ApplicationFilterChain.java:162)
	at org.springframework.web.filter.CharacterEncodingFilter.doFilterInternal(CharacterEncodingFilter.java:201)
	at org.springframework.web.filter.OncePerRequestFilter.doFilter(OncePerRequestFilter.java:117)
	at org.apache.catalina.core.ApplicationFilterChain.internalDoFilter(ApplicationFilterChain.java:189)
	at org.apache.catalina.core.ApplicationFilterChain.doFilter(ApplicationFilterChain.java:162)
	at org.apache.catalina.core.StandardWrapperValve.invoke(StandardWrapperValve.java:197)
	at org.apache.catalina.core.StandardContextValve.invoke(StandardContextValve.java:97)
	at org.apache.catalina.authenticator.AuthenticatorBase.invoke(AuthenticatorBase.java:541)
	at org.apache.catalina.core.StandardHostValve.invoke(StandardHostValve.java:135)
	at org.apache.catalina.valves.ErrorReportValve.invoke(ErrorReportValve.java:92)
	at org.apache.catalina.core.StandardEngineValve.invoke(StandardEngineValve.java:78)
	at org.apache.catalina.connector.CoyoteAdapter.service(CoyoteAdapter.java:360)
	at org.apache.coyote.http11.Http11Processor.service(Http11Processor.java:399)
	at org.apache.coyote.AbstractProcessorLight.process(AbstractProcessorLight.java:65)
	at org.apache.coyote.AbstractProtocol$ConnectionHandler.process(AbstractProtocol.java:890)
	at org.apache.tomcat.util.net.NioEndpoint$SocketProcessor.doRun(NioEndpoint.java:1789)
	at org.apache.tomcat.util.net.SocketProcessorBase.run(SocketProcessorBase.java:49)
	at org.apache.tomcat.util.threads.ThreadPoolExecutor.runWorker(ThreadPoolExecutor.java:1191)
	at org.apache.tomcat.util.threads.ThreadPoolExecutor$Worker.run(ThreadPoolExecutor.java:659)
	at org.apache.tomcat.util.threads.TaskThread$WrappingRunnable.run(TaskThread.java:61)
	at java.base/java.lang.Thread.run(Thread.java:833)

2023.01.30 18:42:35.845 [TRACE] com.stelmach.bartosz.controller.ChessController: /startGame endpoint called with parameters id: 36, colour: BLACK, move: e5
2023.01.30 18:42:35.859 [ERROR] com.stelmach.bartosz.controller.RestResponseExceptionHandler: Request mapping: uri=/playMove
2023.01.30 18:42:35.859 [ERROR] com.stelmach.bartosz.controller.RestResponseExceptionHandler: Request input params:
2023.01.30 18:42:35.859 [ERROR] com.stelmach.bartosz.controller.RestResponseExceptionHandler: id: [36]
2023.01.30 18:42:35.859 [ERROR] com.stelmach.bartosz.controller.RestResponseExceptionHandler: colour: [BLACK]
2023.01.30 18:42:35.859 [ERROR] com.stelmach.bartosz.controller.RestResponseExceptionHandler: move: [e5]
2023.01.30 18:42:35.860 [ERROR] com.stelmach.bartosz.controller.RestResponseExceptionHandler: Exception message: It's not BLACK's move.
2023.01.30 18:42:35.860 [ERROR] com.stelmach.bartosz.controller.RestResponseExceptionHandler: Exception stack trace: java.lang.IllegalArgumentException: It's not BLACK's move.
	at com.stelmach.bartosz.board.service.BoardLegalityService.checkColour(BoardLegalityService.java:32)
	at com.stelmach.bartosz.board.service.BoardLegalityService.verifyLegality(BoardLegalityService.java:21)
	at com.stelmach.bartosz.move.service.MovePlayer.playMove(MovePlayer.java:40)
	at com.stelmach.bartosz.controller.ChessController.playMove(ChessController.java:48)
	at java.base/jdk.internal.reflect.NativeMethodAccessorImpl.invoke0(Native Method)
	at java.base/jdk.internal.reflect.NativeMethodAccessorImpl.invoke(NativeMethodAccessorImpl.java:77)
	at java.base/jdk.internal.reflect.DelegatingMethodAccessorImpl.invoke(DelegatingMethodAccessorImpl.java:43)
	at java.base/java.lang.reflect.Method.invoke(Method.java:568)
	at org.springframework.web.method.support.InvocableHandlerMethod.doInvoke(InvocableHandlerMethod.java:205)
	at org.springframework.web.method.support.InvocableHandlerMethod.invokeForRequest(InvocableHandlerMethod.java:150)
	at org.springframework.web.servlet.mvc.method.annotation.ServletInvocableHandlerMethod.invokeAndHandle(ServletInvocableHandlerMethod.java:117)
	at org.springframework.web.servlet.mvc.method.annotation.RequestMappingHandlerAdapter.invokeHandlerMethod(RequestMappingHandlerAdapter.java:895)
	at org.springframework.web.servlet.mvc.method.annotation.RequestMappingHandlerAdapter.handleInternal(RequestMappingHandlerAdapter.java:808)
	at org.springframework.web.servlet.mvc.method.AbstractHandlerMethodAdapter.handle(AbstractHandlerMethodAdapter.java:87)
	at org.springframework.web.servlet.DispatcherServlet.doDispatch(DispatcherServlet.java:1070)
	at org.springframework.web.servlet.DispatcherServlet.doService(DispatcherServlet.java:963)
	at org.springframework.web.servlet.FrameworkServlet.processRequest(FrameworkServlet.java:1006)
	at org.springframework.web.servlet.FrameworkServlet.doPost(FrameworkServlet.java:909)
	at javax.servlet.http.HttpServlet.service(HttpServlet.java:681)
	at org.springframework.web.servlet.FrameworkServlet.service(FrameworkServlet.java:883)
	at javax.servlet.http.HttpServlet.service(HttpServlet.java:764)
	at org.apache.catalina.core.ApplicationFilterChain.internalDoFilter(ApplicationFilterChain.java:227)
	at org.apache.catalina.core.ApplicationFilterChain.doFilter(ApplicationFilterChain.java:162)
	at org.apache.tomcat.websocket.server.WsFilter.doFilter(WsFilter.java:53)
	at org.apache.catalina.core.ApplicationFilterChain.internalDoFilter(ApplicationFilterChain.java:189)
	at org.apache.catalina.core.ApplicationFilterChain.doFilter(ApplicationFilterChain.java:162)
	at org.springframework.web.filter.RequestContextFilter.doFilterInternal(RequestContextFilter.java:100)
	at org.springframework.web.filter.OncePerRequestFilter.doFilter(OncePerRequestFilter.java:117)
	at org.apache.catalina.core.ApplicationFilterChain.internalDoFilter(ApplicationFilterChain.java:189)
	at org.apache.catalina.core.ApplicationFilterChain.doFilter(ApplicationFilterChain.java:162)
	at org.springframework.web.filter.FormContentFilter.doFilterInternal(FormContentFilter.java:93)
	at org.springframework.web.filter.OncePerRequestFilter.doFilter(OncePerRequestFilter.java:117)
	at org.apache.catalina.core.ApplicationFilterChain.internalDoFilter(ApplicationFilterChain.java:189)
	at org.apache.catalina.core.ApplicationFilterChain.doFilter(ApplicationFilterChain.java:162)
	at org.springframework.web.filter.CharacterEncodingFilter.doFilterInternal(CharacterEncodingFilter.java:201)
	at org.springframework.web.filter.OncePerRequestFilter.doFilter(OncePerRequestFilter.java:117)
	at org.apache.catalina.core.ApplicationFilterChain.internalDoFilter(ApplicationFilterChain.java:189)
	at org.apache.catalina.core.ApplicationFilterChain.doFilter(ApplicationFilterChain.java:162)
	at org.apache.catalina.core.StandardWrapperValve.invoke(StandardWrapperValve.java:197)
	at org.apache.catalina.core.StandardContextValve.invoke(StandardContextValve.java:97)
	at org.apache.catalina.authenticator.AuthenticatorBase.invoke(AuthenticatorBase.java:541)
	at org.apache.catalina.core.StandardHostValve.invoke(StandardHostValve.java:135)
	at org.apache.catalina.valves.ErrorReportValve.invoke(ErrorReportValve.java:92)
	at org.apache.catalina.core.StandardEngineValve.invoke(StandardEngineValve.java:78)
	at org.apache.catalina.connector.CoyoteAdapter.service(CoyoteAdapter.java:360)
	at org.apache.coyote.http11.Http11Processor.service(Http11Processor.java:399)
	at org.apache.coyote.AbstractProcessorLight.process(AbstractProcessorLight.java:65)
	at org.apache.coyote.AbstractProtocol$ConnectionHandler.process(AbstractProtocol.java:890)
	at org.apache.tomcat.util.net.NioEndpoint$SocketProcessor.doRun(NioEndpoint.java:1789)
	at org.apache.tomcat.util.net.SocketProcessorBase.run(SocketProcessorBase.java:49)
	at org.apache.tomcat.util.threads.ThreadPoolExecutor.runWorker(ThreadPoolExecutor.java:1191)
	at org.apache.tomcat.util.threads.ThreadPoolExecutor$Worker.run(ThreadPoolExecutor.java:659)
	at org.apache.tomcat.util.threads.TaskThread$WrappingRunnable.run(TaskThread.java:61)
	at java.base/java.lang.Thread.run(Thread.java:833)

2023.01.30 18:42:44.134 [TRACE] com.stelmach.bartosz.controller.ChessController: /startGame endpoint called with parameters id: 36, colour: WHITE, move: Ra3
2023.01.30 18:42:44.145 [ERROR] com.stelmach.bartosz.controller.RestResponseExceptionHandler: Request mapping: uri=/playMove
2023.01.30 18:42:44.146 [ERROR] com.stelmach.bartosz.controller.RestResponseExceptionHandler: Request input params:
2023.01.30 18:42:44.146 [ERROR] com.stelmach.bartosz.controller.RestResponseExceptionHandler: id: [36]
2023.01.30 18:42:44.146 [ERROR] com.stelmach.bartosz.controller.RestResponseExceptionHandler: colour: [WHITE]
2023.01.30 18:42:44.146 [ERROR] com.stelmach.bartosz.controller.RestResponseExceptionHandler: move: [Ra3]
2023.01.30 18:42:44.146 [ERROR] com.stelmach.bartosz.controller.RestResponseExceptionHandler: Exception message: Destination square is blocked for this piece.
2023.01.30 18:42:44.146 [ERROR] com.stelmach.bartosz.controller.RestResponseExceptionHandler: Exception stack trace: java.lang.IllegalArgumentException: Destination square is blocked for this piece.
	at com.stelmach.bartosz.board.service.BoardLegalityService.verifyObstacles(BoardLegalityService.java:51)
	at com.stelmach.bartosz.board.service.BoardLegalityService.verifyLegality(BoardLegalityService.java:27)
	at com.stelmach.bartosz.move.service.MovePlayer.playMove(MovePlayer.java:40)
	at com.stelmach.bartosz.controller.ChessController.playMove(ChessController.java:48)
	at java.base/jdk.internal.reflect.NativeMethodAccessorImpl.invoke0(Native Method)
	at java.base/jdk.internal.reflect.NativeMethodAccessorImpl.invoke(NativeMethodAccessorImpl.java:77)
	at java.base/jdk.internal.reflect.DelegatingMethodAccessorImpl.invoke(DelegatingMethodAccessorImpl.java:43)
	at java.base/java.lang.reflect.Method.invoke(Method.java:568)
	at org.springframework.web.method.support.InvocableHandlerMethod.doInvoke(InvocableHandlerMethod.java:205)
	at org.springframework.web.method.support.InvocableHandlerMethod.invokeForRequest(InvocableHandlerMethod.java:150)
	at org.springframework.web.servlet.mvc.method.annotation.ServletInvocableHandlerMethod.invokeAndHandle(ServletInvocableHandlerMethod.java:117)
	at org.springframework.web.servlet.mvc.method.annotation.RequestMappingHandlerAdapter.invokeHandlerMethod(RequestMappingHandlerAdapter.java:895)
	at org.springframework.web.servlet.mvc.method.annotation.RequestMappingHandlerAdapter.handleInternal(RequestMappingHandlerAdapter.java:808)
	at org.springframework.web.servlet.mvc.method.AbstractHandlerMethodAdapter.handle(AbstractHandlerMethodAdapter.java:87)
	at org.springframework.web.servlet.DispatcherServlet.doDispatch(DispatcherServlet.java:1070)
	at org.springframework.web.servlet.DispatcherServlet.doService(DispatcherServlet.java:963)
	at org.springframework.web.servlet.FrameworkServlet.processRequest(FrameworkServlet.java:1006)
	at org.springframework.web.servlet.FrameworkServlet.doPost(FrameworkServlet.java:909)
	at javax.servlet.http.HttpServlet.service(HttpServlet.java:681)
	at org.springframework.web.servlet.FrameworkServlet.service(FrameworkServlet.java:883)
	at javax.servlet.http.HttpServlet.service(HttpServlet.java:764)
	at org.apache.catalina.core.ApplicationFilterChain.internalDoFilter(ApplicationFilterChain.java:227)
	at org.apache.catalina.core.ApplicationFilterChain.doFilter(ApplicationFilterChain.java:162)
	at org.apache.tomcat.websocket.server.WsFilter.doFilter(WsFilter.java:53)
	at org.apache.catalina.core.ApplicationFilterChain.internalDoFilter(ApplicationFilterChain.java:189)
	at org.apache.catalina.core.ApplicationFilterChain.doFilter(ApplicationFilterChain.java:162)
	at org.springframework.web.filter.RequestContextFilter.doFilterInternal(RequestContextFilter.java:100)
	at org.springframework.web.filter.OncePerRequestFilter.doFilter(OncePerRequestFilter.java:117)
	at org.apache.catalina.core.ApplicationFilterChain.internalDoFilter(ApplicationFilterChain.java:189)
	at org.apache.catalina.core.ApplicationFilterChain.doFilter(ApplicationFilterChain.java:162)
	at org.springframework.web.filter.FormContentFilter.doFilterInternal(FormContentFilter.java:93)
	at org.springframework.web.filter.OncePerRequestFilter.doFilter(OncePerRequestFilter.java:117)
	at org.apache.catalina.core.ApplicationFilterChain.internalDoFilter(ApplicationFilterChain.java:189)
	at org.apache.catalina.core.ApplicationFilterChain.doFilter(ApplicationFilterChain.java:162)
	at org.springframework.web.filter.CharacterEncodingFilter.doFilterInternal(CharacterEncodingFilter.java:201)
	at org.springframework.web.filter.OncePerRequestFilter.doFilter(OncePerRequestFilter.java:117)
	at org.apache.catalina.core.ApplicationFilterChain.internalDoFilter(ApplicationFilterChain.java:189)
	at org.apache.catalina.core.ApplicationFilterChain.doFilter(ApplicationFilterChain.java:162)
	at org.apache.catalina.core.StandardWrapperValve.invoke(StandardWrapperValve.java:197)
	at org.apache.catalina.core.StandardContextValve.invoke(StandardContextValve.java:97)
	at org.apache.catalina.authenticator.AuthenticatorBase.invoke(AuthenticatorBase.java:541)
	at org.apache.catalina.core.StandardHostValve.invoke(StandardHostValve.java:135)
	at org.apache.catalina.valves.ErrorReportValve.invoke(ErrorReportValve.java:92)
	at org.apache.catalina.core.StandardEngineValve.invoke(StandardEngineValve.java:78)
	at org.apache.catalina.connector.CoyoteAdapter.service(CoyoteAdapter.java:360)
	at org.apache.coyote.http11.Http11Processor.service(Http11Processor.java:399)
	at org.apache.coyote.AbstractProcessorLight.process(AbstractProcessorLight.java:65)
	at org.apache.coyote.AbstractProtocol$ConnectionHandler.process(AbstractProtocol.java:890)
	at org.apache.tomcat.util.net.NioEndpoint$SocketProcessor.doRun(NioEndpoint.java:1789)
	at org.apache.tomcat.util.net.SocketProcessorBase.run(SocketProcessorBase.java:49)
	at org.apache.tomcat.util.threads.ThreadPoolExecutor.runWorker(ThreadPoolExecutor.java:1191)
	at org.apache.tomcat.util.threads.ThreadPoolExecutor$Worker.run(ThreadPoolExecutor.java:659)
	at org.apache.tomcat.util.threads.TaskThread$WrappingRunnable.run(TaskThread.java:61)
	at java.base/java.lang.Thread.run(Thread.java:833)

2023.01.30 18:42:49.668 [TRACE] com.stelmach.bartosz.controller.ChessController: /startGame endpoint called with parameters id: 36, colour: WHITE, move: Ra2
2023.01.30 18:42:49.677 [ERROR] com.stelmach.bartosz.controller.RestResponseExceptionHandler: Request mapping: uri=/playMove
2023.01.30 18:42:49.677 [ERROR] com.stelmach.bartosz.controller.RestResponseExceptionHandler: Request input params:
2023.01.30 18:42:49.677 [ERROR] com.stelmach.bartosz.controller.RestResponseExceptionHandler: id: [36]
2023.01.30 18:42:49.677 [ERROR] com.stelmach.bartosz.controller.RestResponseExceptionHandler: colour: [WHITE]
2023.01.30 18:42:49.677 [ERROR] com.stelmach.bartosz.controller.RestResponseExceptionHandler: move: [Ra2]
2023.01.30 18:42:49.677 [ERROR] com.stelmach.bartosz.controller.RestResponseExceptionHandler: Exception message: Can't take empty square or can't move to occupied square.
2023.01.30 18:42:49.678 [ERROR] com.stelmach.bartosz.controller.RestResponseExceptionHandler: Exception stack trace: java.lang.IllegalArgumentException: Can't take empty square or can't move to occupied square.
	at com.stelmach.bartosz.board.service.BoardLegalityService.verifyMoveTaking(BoardLegalityService.java:43)
	at com.stelmach.bartosz.board.service.BoardLegalityService.verifyLegality(BoardLegalityService.java:26)
	at com.stelmach.bartosz.move.service.MovePlayer.playMove(MovePlayer.java:40)
	at com.stelmach.bartosz.controller.ChessController.playMove(ChessController.java:48)
	at java.base/jdk.internal.reflect.NativeMethodAccessorImpl.invoke0(Native Method)
	at java.base/jdk.internal.reflect.NativeMethodAccessorImpl.invoke(NativeMethodAccessorImpl.java:77)
	at java.base/jdk.internal.reflect.DelegatingMethodAccessorImpl.invoke(DelegatingMethodAccessorImpl.java:43)
	at java.base/java.lang.reflect.Method.invoke(Method.java:568)
	at org.springframework.web.method.support.InvocableHandlerMethod.doInvoke(InvocableHandlerMethod.java:205)
	at org.springframework.web.method.support.InvocableHandlerMethod.invokeForRequest(InvocableHandlerMethod.java:150)
	at org.springframework.web.servlet.mvc.method.annotation.ServletInvocableHandlerMethod.invokeAndHandle(ServletInvocableHandlerMethod.java:117)
	at org.springframework.web.servlet.mvc.method.annotation.RequestMappingHandlerAdapter.invokeHandlerMethod(RequestMappingHandlerAdapter.java:895)
	at org.springframework.web.servlet.mvc.method.annotation.RequestMappingHandlerAdapter.handleInternal(RequestMappingHandlerAdapter.java:808)
	at org.springframework.web.servlet.mvc.method.AbstractHandlerMethodAdapter.handle(AbstractHandlerMethodAdapter.java:87)
	at org.springframework.web.servlet.DispatcherServlet.doDispatch(DispatcherServlet.java:1070)
	at org.springframework.web.servlet.DispatcherServlet.doService(DispatcherServlet.java:963)
	at org.springframework.web.servlet.FrameworkServlet.processRequest(FrameworkServlet.java:1006)
	at org.springframework.web.servlet.FrameworkServlet.doPost(FrameworkServlet.java:909)
	at javax.servlet.http.HttpServlet.service(HttpServlet.java:681)
	at org.springframework.web.servlet.FrameworkServlet.service(FrameworkServlet.java:883)
	at javax.servlet.http.HttpServlet.service(HttpServlet.java:764)
	at org.apache.catalina.core.ApplicationFilterChain.internalDoFilter(ApplicationFilterChain.java:227)
	at org.apache.catalina.core.ApplicationFilterChain.doFilter(ApplicationFilterChain.java:162)
	at org.apache.tomcat.websocket.server.WsFilter.doFilter(WsFilter.java:53)
	at org.apache.catalina.core.ApplicationFilterChain.internalDoFilter(ApplicationFilterChain.java:189)
	at org.apache.catalina.core.ApplicationFilterChain.doFilter(ApplicationFilterChain.java:162)
	at org.springframework.web.filter.RequestContextFilter.doFilterInternal(RequestContextFilter.java:100)
	at org.springframework.web.filter.OncePerRequestFilter.doFilter(OncePerRequestFilter.java:117)
	at org.apache.catalina.core.ApplicationFilterChain.internalDoFilter(ApplicationFilterChain.java:189)
	at org.apache.catalina.core.ApplicationFilterChain.doFilter(ApplicationFilterChain.java:162)
	at org.springframework.web.filter.FormContentFilter.doFilterInternal(FormContentFilter.java:93)
	at org.springframework.web.filter.OncePerRequestFilter.doFilter(OncePerRequestFilter.java:117)
	at org.apache.catalina.core.ApplicationFilterChain.internalDoFilter(ApplicationFilterChain.java:189)
	at org.apache.catalina.core.ApplicationFilterChain.doFilter(ApplicationFilterChain.java:162)
	at org.springframework.web.filter.CharacterEncodingFilter.doFilterInternal(CharacterEncodingFilter.java:201)
	at org.springframework.web.filter.OncePerRequestFilter.doFilter(OncePerRequestFilter.java:117)
	at org.apache.catalina.core.ApplicationFilterChain.internalDoFilter(ApplicationFilterChain.java:189)
	at org.apache.catalina.core.ApplicationFilterChain.doFilter(ApplicationFilterChain.java:162)
	at org.apache.catalina.core.StandardWrapperValve.invoke(StandardWrapperValve.java:197)
	at org.apache.catalina.core.StandardContextValve.invoke(StandardContextValve.java:97)
	at org.apache.catalina.authenticator.AuthenticatorBase.invoke(AuthenticatorBase.java:541)
	at org.apache.catalina.core.StandardHostValve.invoke(StandardHostValve.java:135)
	at org.apache.catalina.valves.ErrorReportValve.invoke(ErrorReportValve.java:92)
	at org.apache.catalina.core.StandardEngineValve.invoke(StandardEngineValve.java:78)
	at org.apache.catalina.connector.CoyoteAdapter.service(CoyoteAdapter.java:360)
	at org.apache.coyote.http11.Http11Processor.service(Http11Processor.java:399)
	at org.apache.coyote.AbstractProcessorLight.process(AbstractProcessorLight.java:65)
	at org.apache.coyote.AbstractProtocol$ConnectionHandler.process(AbstractProtocol.java:890)
	at org.apache.tomcat.util.net.NioEndpoint$SocketProcessor.doRun(NioEndpoint.java:1789)
	at org.apache.tomcat.util.net.SocketProcessorBase.run(SocketProcessorBase.java:49)
	at org.apache.tomcat.util.threads.ThreadPoolExecutor.runWorker(ThreadPoolExecutor.java:1191)
	at org.apache.tomcat.util.threads.ThreadPoolExecutor$Worker.run(ThreadPoolExecutor.java:659)
	at org.apache.tomcat.util.threads.TaskThread$WrappingRunnable.run(TaskThread.java:61)
	at java.base/java.lang.Thread.run(Thread.java:833)

2023.01.30 18:43:02.191 [TRACE] com.stelmach.bartosz.controller.ChessController: /startGame endpoint called with parameters id: 36, colour: WHITE, move: O-O
2023.01.30 18:43:02.200 [ERROR] com.stelmach.bartosz.controller.RestResponseExceptionHandler: Request mapping: uri=/playMove
2023.01.30 18:43:02.201 [ERROR] com.stelmach.bartosz.controller.RestResponseExceptionHandler: Request input params:
2023.01.30 18:43:02.201 [ERROR] com.stelmach.bartosz.controller.RestResponseExceptionHandler: id: [36]
2023.01.30 18:43:02.201 [ERROR] com.stelmach.bartosz.controller.RestResponseExceptionHandler: colour: [WHITE]
2023.01.30 18:43:02.201 [ERROR] com.stelmach.bartosz.controller.RestResponseExceptionHandler: move: [O-O]
2023.01.30 18:43:02.201 [ERROR] com.stelmach.bartosz.controller.RestResponseExceptionHandler: Exception message: Invalid piece type symbol: O
2023.01.30 18:43:02.202 [ERROR] com.stelmach.bartosz.controller.RestResponseExceptionHandler: Exception stack trace: java.lang.IllegalArgumentException: Invalid piece type symbol: O
	at com.stelmach.bartosz.move.service.MoveNotationParser.lambda$parsePieceType$1(MoveNotationParser.java:140)
	at java.base/java.util.Optional.orElseThrow(Optional.java:403)
	at com.stelmach.bartosz.move.service.MoveNotationParser.parsePieceType(MoveNotationParser.java:140)
	at com.stelmach.bartosz.move.service.MoveParser.parseMoveCommon(MoveParser.java:47)
	at com.stelmach.bartosz.move.service.MoveParser.parseMove(MoveParser.java:31)
	at com.stelmach.bartosz.move.service.MovePlayer.playMove(MovePlayer.java:39)
	at com.stelmach.bartosz.controller.ChessController.playMove(ChessController.java:48)
	at java.base/jdk.internal.reflect.NativeMethodAccessorImpl.invoke0(Native Method)
	at java.base/jdk.internal.reflect.NativeMethodAccessorImpl.invoke(NativeMethodAccessorImpl.java:77)
	at java.base/jdk.internal.reflect.DelegatingMethodAccessorImpl.invoke(DelegatingMethodAccessorImpl.java:43)
	at java.base/java.lang.reflect.Method.invoke(Method.java:568)
	at org.springframework.web.method.support.InvocableHandlerMethod.doInvoke(InvocableHandlerMethod.java:205)
	at org.springframework.web.method.support.InvocableHandlerMethod.invokeForRequest(InvocableHandlerMethod.java:150)
	at org.springframework.web.servlet.mvc.method.annotation.ServletInvocableHandlerMethod.invokeAndHandle(ServletInvocableHandlerMethod.java:117)
	at org.springframework.web.servlet.mvc.method.annotation.RequestMappingHandlerAdapter.invokeHandlerMethod(RequestMappingHandlerAdapter.java:895)
	at org.springframework.web.servlet.mvc.method.annotation.RequestMappingHandlerAdapter.handleInternal(RequestMappingHandlerAdapter.java:808)
	at org.springframework.web.servlet.mvc.method.AbstractHandlerMethodAdapter.handle(AbstractHandlerMethodAdapter.java:87)
	at org.springframework.web.servlet.DispatcherServlet.doDispatch(DispatcherServlet.java:1070)
	at org.springframework.web.servlet.DispatcherServlet.doService(DispatcherServlet.java:963)
	at org.springframework.web.servlet.FrameworkServlet.processRequest(FrameworkServlet.java:1006)
	at org.springframework.web.servlet.FrameworkServlet.doPost(FrameworkServlet.java:909)
	at javax.servlet.http.HttpServlet.service(HttpServlet.java:681)
	at org.springframework.web.servlet.FrameworkServlet.service(FrameworkServlet.java:883)
	at javax.servlet.http.HttpServlet.service(HttpServlet.java:764)
	at org.apache.catalina.core.ApplicationFilterChain.internalDoFilter(ApplicationFilterChain.java:227)
	at org.apache.catalina.core.ApplicationFilterChain.doFilter(ApplicationFilterChain.java:162)
	at org.apache.tomcat.websocket.server.WsFilter.doFilter(WsFilter.java:53)
	at org.apache.catalina.core.ApplicationFilterChain.internalDoFilter(ApplicationFilterChain.java:189)
	at org.apache.catalina.core.ApplicationFilterChain.doFilter(ApplicationFilterChain.java:162)
	at org.springframework.web.filter.RequestContextFilter.doFilterInternal(RequestContextFilter.java:100)
	at org.springframework.web.filter.OncePerRequestFilter.doFilter(OncePerRequestFilter.java:117)
	at org.apache.catalina.core.ApplicationFilterChain.internalDoFilter(ApplicationFilterChain.java:189)
	at org.apache.catalina.core.ApplicationFilterChain.doFilter(ApplicationFilterChain.java:162)
	at org.springframework.web.filter.FormContentFilter.doFilterInternal(FormContentFilter.java:93)
	at org.springframework.web.filter.OncePerRequestFilter.doFilter(OncePerRequestFilter.java:117)
	at org.apache.catalina.core.ApplicationFilterChain.internalDoFilter(ApplicationFilterChain.java:189)
	at org.apache.catalina.core.ApplicationFilterChain.doFilter(ApplicationFilterChain.java:162)
	at org.springframework.web.filter.CharacterEncodingFilter.doFilterInternal(CharacterEncodingFilter.java:201)
	at org.springframework.web.filter.OncePerRequestFilter.doFilter(OncePerRequestFilter.java:117)
	at org.apache.catalina.core.ApplicationFilterChain.internalDoFilter(ApplicationFilterChain.java:189)
	at org.apache.catalina.core.ApplicationFilterChain.doFilter(ApplicationFilterChain.java:162)
	at org.apache.catalina.core.StandardWrapperValve.invoke(StandardWrapperValve.java:197)
	at org.apache.catalina.core.StandardContextValve.invoke(StandardContextValve.java:97)
	at org.apache.catalina.authenticator.AuthenticatorBase.invoke(AuthenticatorBase.java:541)
	at org.apache.catalina.core.StandardHostValve.invoke(StandardHostValve.java:135)
	at org.apache.catalina.valves.ErrorReportValve.invoke(ErrorReportValve.java:92)
	at org.apache.catalina.core.StandardEngineValve.invoke(StandardEngineValve.java:78)
	at org.apache.catalina.connector.CoyoteAdapter.service(CoyoteAdapter.java:360)
	at org.apache.coyote.http11.Http11Processor.service(Http11Processor.java:399)
	at org.apache.coyote.AbstractProcessorLight.process(AbstractProcessorLight.java:65)
	at org.apache.coyote.AbstractProtocol$ConnectionHandler.process(AbstractProtocol.java:890)
	at org.apache.tomcat.util.net.NioEndpoint$SocketProcessor.doRun(NioEndpoint.java:1789)
	at org.apache.tomcat.util.net.SocketProcessorBase.run(SocketProcessorBase.java:49)
	at org.apache.tomcat.util.threads.ThreadPoolExecutor.runWorker(ThreadPoolExecutor.java:1191)
	at org.apache.tomcat.util.threads.ThreadPoolExecutor$Worker.run(ThreadPoolExecutor.java:659)
	at org.apache.tomcat.util.threads.TaskThread$WrappingRunnable.run(TaskThread.java:61)
	at java.base/java.lang.Thread.run(Thread.java:833)

2023.01.30 18:48:03.013 [TRACE] com.stelmach.bartosz.controller.ChessController: /startGame endpoint called with parameters id: 36, colour: WHITE, move: e4
2023.01.30 18:48:03.051 [TRACE] com.stelmach.bartosz.controller.ChessController: /getGame endpoint called with parameters id: 36
2023.01.30 18:48:13.079 [TRACE] com.stelmach.bartosz.controller.ChessController: /startGame endpoint called with parameters id: 36, colour: BLACK, move: e5
2023.01.30 18:48:13.096 [TRACE] com.stelmach.bartosz.controller.ChessController: /getGame endpoint called with parameters id: 36
2023.01.30 18:48:41.780 [TRACE] com.stelmach.bartosz.controller.ChessController: /startGame endpoint called with parameters firstPlayerName: Magnus Carlsen, secondPlayerName: Hikaru Nakamura, areColoursRandom: true
2023.01.30 18:48:41.781 [TRACE] com.stelmach.bartosz.game.service.GameCreator: Persisting game: Game(ID=0, whiteName=Magnus Carlsen, blackName=Hikaru Nakamura, moves=[])
2023.01.30 18:48:41.789 [TRACE] com.stelmach.bartosz.game.service.GameCreator: Persisted game: Game(ID=37, whiteName=Magnus Carlsen, blackName=Hikaru Nakamura, moves=[]), gameFlags: GameFlags(ID=8, game=Game(ID=37, whiteName=Magnus Carlsen, blackName=Hikaru Nakamura, moves=[]), isWhiteToMove=true, hasWhiteKingMoved=false, hasBlackKingMoved=false, hasWhiteARookMoved=false, hasWhiteHRookMoved=false, hasBlackARookMoved=false, hasBlackHRookMoved=false, isWhiteKingChecked=false, isBlackKingChecked=false, isSomethingAttackingWhiteShortCastleSquares=false, isSomethingAttackingWhiteLongCastleSquares=false, isSomethingAttackingBlackShortCastleSquares=false, isSomethingAttackingBlackLongCastleSquares=false), board: BoardDbWrapper(ID=8, game=Game(ID=37, whiteName=Magnus Carlsen, blackName=Hikaru Nakamura, moves=[]), boardBytes=[-84, -19, 0, 5, 115, 114, 0, 42, 99, 111, 109, 46, 115, 116, 101, 108, 109, 97, 99, 104, 46, 98, 97, 114, 116, 111, 115, 122, 46, 98, 111, 97, 114, 100, 46, 99, 111, 109, 112, 111, 110, 101, 110, 116, 46, 66, 111, 97, 114, 100, 37, 42, 79, -2, -84, 0, -99, 119, 2, 0, 2, 76, 0, 13, 103, 114, 111, 117, 112, 101, 100, 80, 105, 101, 99, 101, 115, 116, 0, 15, 76, 106, 97, 118, 97, 47, 117, 116, 105, 108, 47, 77, 97, 112, 59, 91, 0, 6, 112, 105, 101, 99, 101, 115, 116, 0, 36, 91, 91, 76, 99, 111, 109, 47, 115, 116, 101, 108, 109, 97, 99, 104, 47, 98, 97, 114, 116, 111, 115, 122, 47, 112, 105, 101, 99, 101, 47, 80, 105, 101, 99, 101, 59, 120, 112, 115, 114, 0, 17, 106, 97, 118, 97, 46, 117, 116, 105, 108, 46, 72, 97, 115, 104, 77, 97, 112, 5, 7, -38, -63, -61, 22, 96, -47, 3, 0, 2, 70, 0, 10, 108, 111, 97, 100, 70, 97, 99, 116, 111, 114, 73, 0, 9, 116, 104, 114, 101, 115, 104, 111, 108, 100, 120, 112, 63, 64, 0, 0, 0, 0, 0, 12, 119, 8, 0, 0, 0, 16, 0, 0, 0, 2, 126, 114, 0, 54, 99, 111, 109, 46, 115, 116, 101, 108, 109, 97, 99, 104, 46, 98, 97, 114, 116, 111, 115, 122, 46, 98, 111, 97, 114, 100, 46, 99, 111, 109, 112, 111, 110, 101, 110, 116, 46, 66, 111, 97, 114, 100, 36, 80, 105, 101, 99, 101, 67, 111, 108, 111, 117, 114, 0, 0, 0, 0, 0, 0, 0, 0, 18, 0, 0, 120, 114, 0, 14, 106, 97, 118, 97, 46, 108, 97, 110, 103, 46, 69, 110, 117, 109, 0, 0, 0, 0, 0, 0, 0, 0, 18, 0, 0, 120, 112, 116, 0, 5, 87, 72, 73, 84, 69, 115, 114, 0, 53, 99, 111, 109, 46, 115, 116, 101, 108, 109, 97, 99, 104, 46, 98, 97, 114, 116, 111, 115, 122, 46, 98, 111, 97, 114, 100, 46, 115, 101, 114, 118, 105, 99, 101, 46, 66, 111, 97, 114, 100, 73, 110, 105, 116, 105, 97, 108, 105, 122, 101, 114, 36, 49, 58, 93, -125, -85, -89, -27, -82, -28, 2, 0, 0, 120, 113, 0, 126, 0, 4, 63, 64, 0, 0, 0, 0, 0, 12, 119, 8, 0, 0, 0, 16, 0, 0, 0, 6, 126, 114, 0, 52, 99, 111, 109, 46, 115, 116, 101, 108, 109, 97, 99, 104, 46, 98, 97, 114, 116, 111, 115, 122, 46, 98, 111, 97, 114, 100, 46, 99, 111, 109, 112, 111, 110, 101, 110, 116, 46, 66, 111, 97, 114, 100, 36, 80, 105, 101, 99, 101, 84, 121, 112, 101, 0, 0, 0, 0, 0, 0, 0, 0, 18, 0, 0, 120, 113, 0, 126, 0, 7, 116, 0, 4, 75, 73, 78, 71, 115, 114, 0, 19, 106, 97, 118, 97, 46, 117, 116, 105, 108, 46, 65, 114, 114, 97, 121, 76, 105, 115, 116, 120, -127, -46, 29, -103, -57, 97, -99, 3, 0, 1, 73, 0, 4, 115, 105, 122, 101, 120, 112, 0, 0, 0, 1, 119, 4, 0, 0, 0, 1, 115, 114, 0, 31, 99, 111, 109, 46, 115, 116, 101, 108, 109, 97, 99, 104, 46, 98, 97, 114, 116, 111, 115, 122, 46, 112, 105, 101, 99, 101, 46, 75, 105, 110, 103, -67, -6, 74, -22, -67, 112, -62, 121, 2, 0, 0, 120, 114, 0, 32, 99, 111, 109, 46, 115, 116, 101, 108, 109, 97, 99, 104, 46, 98, 97, 114, 116, 111, 115, 122, 46, 112, 105, 101, 99, 101, 46, 80, 105, 101, 99, 101, 126, 20, 123, -37, 22, 65, -68, 106, 2, 0, 6, 90, 0, 11, 105, 115, 66, 108, 111, 99, 107, 97, 98, 108, 101, 76, 0, 17, 97, 108, 108, 111, 119, 101, 100, 70, 105, 108, 101, 67, 104, 97, 110, 103, 101, 116, 0, 32, 76, 111, 114, 103, 47, 97, 112, 97, 99, 104, 101, 47, 99, 111, 109, 109, 111, 110, 115, 47, 108, 97, 110, 103, 51, 47, 82, 97, 110, 103, 101, 59, 76, 0, 17, 97, 108, 108, 111, 119, 101, 100, 82, 97, 110, 107, 67, 104, 97, 110, 103, 101, 113, 0, 126, 0, 19, 76, 0, 6, 99, 111, 108, 111, 117, 114, 116, 0, 56, 76, 99, 111, 109, 47, 115, 116, 101, 108, 109, 97, 99, 104, 47, 98, 97, 114, 116, 111, 115, 122, 47, 98, 111, 97, 114, 100, 47, 99, 111, 109, 112, 111, 110, 101, 110, 116, 47, 66, 111, 97, 114, 100, 36, 80, 105, 101, 99, 101, 67, 111, 108, 111, 117, 114, 59, 76, 0, 11, 99, 111, 111, 114, 100, 105, 110, 97, 116, 101, 115, 116, 0, 50, 76, 99, 111, 109, 47, 115, 116, 101, 108, 109, 97, 99, 104, 47, 98, 97, 114, 116, 111, 115, 122, 47, 98, 111, 97, 114, 100, 47, 99, 111, 109, 112, 111, 110, 101, 110, 116, 47, 67, 111, 111, 114, 100, 105, 110, 97, 116, 101, 115, 59, 76, 0, 4, 116, 121, 112, 101, 116, 0, 54, 76, 99, 111, 109, 47, 115, 116, 101, 108, 109, 97, 99, 104, 47, 98, 97, 114, 116, 111, 115, 122, 47, 98, 111, 97, 114, 100, 47, 99, 111, 109, 112, 111, 110, 101, 110, 116, 47, 66, 111, 97, 114, 100, 36, 80, 105, 101, 99, 101, 84, 121, 112, 101, 59, 120, 112, 1, 115, 114, 0, 30, 111, 114, 103, 46, 97, 112, 97, 99, 104, 101, 46, 99, 111, 109, 109, 111, 110, 115, 46, 108, 97, 110, 103, 51, 46, 82, 97, 110, 103, 101, 0, 0, 0, 0, 0, 0, 0, 1, 2, 0, 3, 76, 0, 10, 99, 111, 109, 112, 97, 114, 97, 116, 111, 114, 116, 0, 22, 76, 106, 97, 118, 97, 47, 117, 116, 105, 108, 47, 67, 111, 109, 112, 97, 114, 97, 116, 111, 114, 59, 76, 0, 7, 109, 97, 120, 105, 109, 117, 109, 116, 0, 18, 76, 106, 97, 118, 97, 47, 108, 97, 110, 103, 47, 79, 98, 106, 101, 99, 116, 59, 76, 0, 7, 109, 105, 110, 105, 109, 117, 109, 113, 0, 126, 0, 26, 120, 112, 126, 114, 0, 51, 111, 114, 103, 46, 97, 112, 97, 99, 104, 101, 46, 99, 111, 109, 109, 111, 110, 115, 46, 108, 97, 110, 103, 51, 46, 82, 97, 110, 103, 101, 36, 67, 111, 109, 112, 97, 114, 97, 98, 108, 101, 67, 111, 109, 112, 97, 114, 97, 116, 111, 114, 0, 0, 0, 0, 0, 0, 0, 0, 18, 0, 0, 120, 113, 0, 126, 0, 7, 116, 0, 8, 73, 78, 83, 84, 65, 78, 67, 69, 115, 114, 0, 17, 106, 97, 118, 97, 46, 108, 97, 110, 103, 46, 73, 110, 116, 101, 103, 101, 114, 18, -30, -96, -92, -9, -127, -121, 56, 2, 0, 1, 73, 0, 5, 118, 97, 108, 117, 101, 120, 114, 0, 16, 106, 97, 118, 97, 46, 108, 97, 110, 103, 46, 78, 117, 109, 98, 101, 114, -122, -84, -107, 29, 11, -108, -32, -117, 2, 0, 0, 120, 112, 0, 0, 0, 1, 115, 113, 0, 126, 0, 31, 0, 0, 0, 0, 115, 113, 0, 126, 0, 24, 113, 0, 126, 0, 29, 113, 0, 126, 0, 33, 113, 0, 126, 0, 34, 113, 0, 126, 0, 8, 115, 114, 0, 48, 99, 111, 109, 46, 115, 116, 101, 108, 109, 97, 99, 104, 46, 98, 97, 114, 116, 111, 115, 122, 46, 98, 111, 97, 114, 100, 46, 99, 111, 109, 112, 111, 110, 101, 110, 116, 46, 67, 111, 111, 114, 100, 105, 110, 97, 116, 101, 115, -112, 55, 0, -48, -102, 20, -128, 126, 2, 0, 2, 73, 0, 4, 102, 105, 108, 101, 73, 0, 4, 114, 97, 110, 107, 120, 112, 0, 0, 0, 4, 0, 0, 0, 0, 113, 0, 126, 0, 13, 120, 126, 113, 0, 126, 0, 12, 116, 0, 6, 66, 73, 83, 72, 79, 80, 115, 113, 0, 126, 0, 15, 0, 0, 0, 2, 119, 4, 0, 0, 0, 2, 115, 114, 0, 33, 99, 111, 109, 46, 115, 116, 101, 108, 109, 97, 99, 104, 46, 98, 97, 114, 116, 111, 115, 122, 46, 112, 105, 101, 99, 101, 46, 66, 105, 115, 104, 111, 112, 2, -68, 122, 73, 37, 117, 54, 23, 2, 0, 0, 120, 113, 0, 126, 0, 18, 1, 115, 113, 0, 126, 0, 24, 113, 0, 126, 0, 29, 115, 113, 0, 126, 0, 31, 0, 0, 0, 7, 113, 0, 126, 0, 33, 115, 113, 0, 126, 0, 24, 113, 0, 126, 0, 29, 113, 0, 126, 0, 44, 113, 0, 126, 0, 33, 113, 0, 126, 0, 8, 115, 113, 0, 126, 0, 36, 0, 0, 0, 2, 0, 0, 0, 0, 113, 0, 126, 0, 38, 115, 113, 0, 126, 0, 41, 1, 115, 113, 0, 126, 0, 24, 113, 0, 126, 0, 29, 113, 0, 126, 0, 44, 113, 0, 126, 0, 33, 115, 113, 0, 126, 0, 24, 113, 0, 126, 0, 29, 113, 0, 126, 0, 44, 113, 0, 126, 0, 33, 113, 0, 126, 0, 8, 115, 113, 0, 126, 0, 36, 0, 0, 0, 5, 0, 0, 0, 0, 113, 0, 126, 0, 38, 120, 126, 113, 0, 126, 0, 12, 116, 0, 6, 75, 78, 73, 71, 72, 84, 115, 113, 0, 126, 0, 15, 0, 0, 0, 2, 119, 4, 0, 0, 0, 2, 115, 114, 0, 33, 99, 111, 109, 46, 115, 116, 101, 108, 109, 97, 99, 104, 46, 98, 97, 114, 116, 111, 115, 122, 46, 112, 105, 101, 99, 101, 46, 75, 110, 105, 103, 104, 116, 85, -27, -104, 5, -109, -124, 45, -73, 2, 0, 0, 120, 113, 0, 126, 0, 18, 0, 115, 113, 0, 126, 0, 24, 113, 0, 126, 0, 29, 115, 113, 0, 126, 0, 31, 0, 0, 0, 2, 113, 0, 126, 0, 33, 115, 113, 0, 126, 0, 24, 113, 0, 126, 0, 29, 113, 0, 126, 0, 57, 113, 0, 126, 0, 33, 113, 0, 126, 0, 8, 115, 113, 0, 126, 0, 36, 0, 0, 0, 1, 0, 0, 0, 0, 113, 0, 126, 0, 51, 115, 113, 0, 126, 0, 54, 0, 115, 113, 0, 126, 0, 24, 113, 0, 126, 0, 29, 113, 0, 126, 0, 57, 113, 0, 126, 0, 33, 115, 113, 0, 126, 0, 24, 113, 0, 126, 0, 29, 113, 0, 126, 0, 57, 113, 0, 126, 0, 33, 113, 0, 126, 0, 8, 115, 113, 0, 126, 0, 36, 0, 0, 0, 6, 0, 0, 0, 0, 113, 0, 126, 0, 51, 120, 126, 113, 0, 126, 0, 12, 116, 0, 5, 81, 85, 69, 69, 78, 115, 113, 0, 126, 0, 15, 0, 0, 0, 1, 119, 4, 0, 0, 0, 1, 115, 114, 0, 32, 99, 111, 109, 46, 115, 116, 101, 108, 109, 97, 99, 104, 46, 98, 97, 114, 116, 111, 115, 122, 46, 112, 105, 101, 99, 101, 46, 81, 117, 101, 101, 110, -30, 115, -17, -113, -66, -67, -58, -18, 2, 0, 0, 120, 113, 0, 126, 0, 18, 1, 115, 113, 0, 126, 0, 24, 113, 0, 126, 0, 29, 113, 0, 126, 0, 44, 113, 0, 126, 0, 34, 115, 113, 0, 126, 0, 24, 113, 0, 126, 0, 29, 113, 0, 126, 0, 44, 113, 0, 126, 0, 34, 113, 0, 126, 0, 8, 115, 113, 0, 126, 0, 36, 0, 0, 0, 3, 0, 0, 0, 0, 113, 0, 126, 0, 64, 120, 126, 113, 0, 126, 0, 12, 116, 0, 4, 80, 65, 87, 78, 115, 113, 0, 126, 0, 15, 0, 0, 0, 8, 119, 4, 0, 0, 0, 8, 115, 114, 0, 31, 99, 111, 109, 46, 115, 116, 101, 108, 109, 97, 99, 104, 46, 98, 97, 114, 116, 111, 115, 122, 46, 112, 105, 101, 99, 101, 46, 80, 97, 119, 110, 7, 89, 18, 25, -111, 68, 81, -2, 2, 0, 0, 120, 113, 0, 126, 0, 18, 1, 115, 113, 0, 126, 0, 24, 113, 0, 126, 0, 29, 113, 0, 126, 0, 33, 113, 0, 126, 0, 34, 115, 113, 0, 126, 0, 24, 113, 0, 126, 0, 29, 113, 0, 126, 0, 57, 113, 0, 126, 0, 33, 113, 0, 126, 0, 8, 115, 113, 0, 126, 0, 36, 0, 0, 0, 0, 0, 0, 0, 1, 113, 0, 126, 0, 72, 115, 113, 0, 126, 0, 75, 1, 115, 113, 0, 126, 0, 24, 113, 0, 126, 0, 29, 113, 0, 126, 0, 33, 113, 0, 126, 0, 34, 115, 113, 0, 126, 0, 24, 113, 0, 126, 0, 29, 113, 0, 126, 0, 57, 113, 0, 126, 0, 33, 113, 0, 126, 0, 8, 115, 113, 0, 126, 0, 36, 0, 0, 0, 1, 0, 0, 0, 1, 113, 0, 126, 0, 72, 115, 113, 0, 126, 0, 75, 1, 115, 113, 0, 126, 0, 24, 113, 0, 126, 0, 29, 113, 0, 126, 0, 33, 113, 0, 126, 0, 34, 115, 113, 0, 126, 0, 24, 113, 0, 126, 0, 29, 113, 0, 126, 0, 57, 113, 0, 126, 0, 33, 113, 0, 126, 0, 8, 115, 113, 0, 126, 0, 36, 0, 0, 0, 2, 0, 0, 0, 1, 113, 0, 126, 0, 72, 115, 113, 0, 126, 0, 75, 1, 115, 113, 0, 126, 0, 24, 113, 0, 126, 0, 29, 113, 0, 126, 0, 33, 113, 0, 126, 0, 34, 115, 113, 0, 126, 0, 24, 113, 0, 126, 0, 29, 113, 0, 126, 0, 57, 113, 0, 126, 0, 33, 113, 0, 126, 0, 8, 115, 113, 0, 126, 0, 36, 0, 0, 0, 3, 0, 0, 0, 1, 113, 0, 126, 0, 72, 115, 113, 0, 126, 0, 75, 1, 115, 113, 0, 126, 0, 24, 113, 0, 126, 0, 29, 113, 0, 126, 0, 33, 113, 0, 126, 0, 34, 115, 113, 0, 126, 0, 24, 113, 0, 126, 0, 29, 113, 0, 126, 0, 57, 113, 0, 126, 0, 33, 113, 0, 126, 0, 8, 115, 113, 0, 126, 0, 36, 0, 0, 0, 4, 0, 0, 0, 1, 113, 0, 126, 0, 72, 115, 113, 0, 126, 0, 75, 1, 115, 113, 0, 126, 0, 24, 113, 0, 126, 0, 29, 113, 0, 126, 0, 33, 113, 0, 126, 0, 34, 115, 113, 0, 126, 0, 24, 113, 0, 126, 0, 29, 113, 0, 126, 0, 57, 113, 0, 126, 0, 33, 113, 0, 126, 0, 8, 115, 113, 0, 126, 0, 36, 0, 0, 0, 5, 0, 0, 0, 1, 113, 0, 126, 0, 72, 115, 113, 0, 126, 0, 75, 1, 115, 113, 0, 126, 0, 24, 113, 0, 126, 0, 29, 113, 0, 126, 0, 33, 113, 0, 126, 0, 34, 115, 113, 0, 126, 0, 24, 113, 0, 126, 0, 29, 113, 0, 126, 0, 57, 113, 0, 126, 0, 33, 113, 0, 126, 0, 8, 115, 113, 0, 126, 0, 36, 0, 0, 0, 6, 0, 0, 0, 1, 113, 0, 126, 0, 72, 115, 113, 0, 126, 0, 75, 1, 115, 113, 0, 126, 0, 24, 113, 0, 126, 0, 29, 113, 0, 126, 0, 33, 113, 0, 126, 0, 34, 115, 113, 0, 126, 0, 24, 113, 0, 126, 0, 29, 113, 0, 126, 0, 57, 113, 0, 126, 0, 33, 113, 0, 126, 0, 8, 115, 113, 0, 126, 0, 36, 0, 0, 0, 7, 0, 0, 0, 1, 113, 0, 126, 0, 72, 120, 126, 113, 0, 126, 0, 12, 116, 0, 4, 82, 79, 79, 75, 115, 113, 0, 126, 0, 15, 0, 0, 0, 2, 119, 4, 0, 0, 0, 2, 115, 114, 0, 31, 99, 111, 109, 46, 115, 116, 101, 108, 109, 97, 99, 104, 46, 98, 97, 114, 116, 111, 115, 122, 46, 112, 105, 101, 99, 101, 46, 82, 111, 111, 107, -77, -107, 48, -76, 13, -105, 57, 58, 2, 0, 0, 120, 113, 0, 126, 0, 18, 1, 115, 113, 0, 126, 0, 24, 113, 0, 126, 0, 29, 113, 0, 126, 0, 44, 113, 0, 126, 0, 34, 115, 113, 0, 126, 0, 24, 113, 0, 126, 0, 29, 113, 0, 126, 0, 44, 113, 0, 126, 0, 34, 113, 0, 126, 0, 8, 115, 113, 0, 126, 0, 36, 0, 0, 0, 0, 0, 0, 0, 0, 113, 0, 126, 0, 108, 115, 113, 0, 126, 0, 111, 1, 115, 113, 0, 126, 0, 24, 113, 0, 126, 0, 29, 113, 0, 126, 0, 44, 113, 0, 126, 0, 34, 115, 113, 0, 126, 0, 24, 113, 0, 126, 0, 29, 113, 0, 126, 0, 44, 113, 0, 126, 0, 34, 113, 0, 126, 0, 8, 115, 113, 0, 126, 0, 36, 0, 0, 0, 7, 0, 0, 0, 0, 113, 0, 126, 0, 108, 120, 120, 126, 113, 0, 126, 0, 6, 116, 0, 5, 66, 76, 65, 67, 75, 115, 113, 0, 126, 0, 10, 63, 64, 0, 0, 0, 0, 0, 12, 119, 8, 0, 0, 0, 16, 0, 0, 0, 6, 113, 0, 126, 0, 13, 115, 113, 0, 126, 0, 15, 0, 0, 0, 1, 119, 4, 0, 0, 0, 1, 115, 113, 0, 126, 0, 17, 1, 115, 113, 0, 126, 0, 24, 113, 0, 126, 0, 29, 113, 0, 126, 0, 33, 113, 0, 126, 0, 34, 115, 113, 0, 126, 0, 24, 113, 0, 126, 0, 29, 113, 0, 126, 0, 33, 113, 0, 126, 0, 34, 113, 0, 126, 0, 120, 115, 113, 0, 126, 0, 36, 0, 0, 0, 4, 0, 0, 0, 7, 113, 0, 126, 0, 13, 120, 113, 0, 126, 0, 38, 115, 113, 0, 126, 0, 15, 0, 0, 0, 2, 119, 4, 0, 0, 0, 2, 115, 113, 0, 126, 0, 41, 1, 115, 113, 0, 126, 0, 24, 113, 0, 126, 0, 29, 113, 0, 126, 0, 44, 113, 0, 126, 0, 33, 115, 113, 0, 126, 0, 24, 113, 0, 126, 0, 29, 113, 0, 126, 0, 44, 113, 0, 126, 0, 33, 113, 0, 126, 0, 120, 115, 113, 0, 126, 0, 36, 0, 0, 0, 2, 0, 0, 0, 7, 113, 0, 126, 0, 38, 115, 113, 0, 126, 0, 41, 1, 115, 113, 0, 126, 0, 24, 113, 0, 126, 0, 29, 113, 0, 126, 0, 44, 113, 0, 126, 0, 33, 115, 113, 0, 126, 0, 24, 113, 0, 126, 0, 29, 113, 0, 126, 0, 44, 113, 0, 126, 0, 33, 113, 0, 126, 0, 120, 115, 113, 0, 126, 0, 36, 0, 0, 0, 5, 0, 0, 0, 7, 113, 0, 126, 0, 38, 120, 113, 0, 126, 0, 51, 115, 113, 0, 126, 0, 15, 0, 0, 0, 2, 119, 4, 0, 0, 0, 2, 115, 113, 0, 126, 0, 54, 0, 115, 113, 0, 126, 0, 24, 113, 0, 126, 0, 29, 113, 0, 126, 0, 57, 113, 0, 126, 0, 33, 115, 113, 0, 126, 0, 24, 113, 0, 126, 0, 29, 113, 0, 126, 0, 57, 113, 0, 126, 0, 33, 113, 0, 126, 0, 120, 115, 113, 0, 126, 0, 36, 0, 0, 0, 1, 0, 0, 0, 7, 113, 0, 126, 0, 51, 115, 113, 0, 126, 0, 54, 0, 115, 113, 0, 126, 0, 24, 113, 0, 126, 0, 29, 113, 0, 126, 0, 57, 113, 0, 126, 0, 33, 115, 113, 0, 126, 0, 24, 113, 0, 126, 0, 29, 113, 0, 126, 0, 57, 113, 0, 126, 0, 33, 113, 0, 126, 0, 120, 115, 113, 0, 126, 0, 36, 0, 0, 0, 6, 0, 0, 0, 7, 113, 0, 126, 0, 51, 120, 113, 0, 126, 0, 64, 115, 113, 0, 126, 0, 15, 0, 0, 0, 1, 119, 4, 0, 0, 0, 1, 115, 113, 0, 126, 0, 67, 1, 115, 113, 0, 126, 0, 24, 113, 0, 126, 0, 29, 113, 0, 126, 0, 44, 113, 0, 126, 0, 34, 115, 113, 0, 126, 0, 24, 113, 0, 126, 0, 29, 113, 0, 126, 0, 44, 113, 0, 126, 0, 34, 113, 0, 126, 0, 120, 115, 113, 0, 126, 0, 36, 0, 0, 0, 3, 0, 0, 0, 7, 113, 0, 126, 0, 64, 120, 113, 0, 126, 0, 72, 115, 113, 0, 126, 0, 15, 0, 0, 0, 8, 119, 4, 0, 0, 0, 8, 115, 113, 0, 126, 0, 75, 1, 115, 113, 0, 126, 0, 24, 113, 0, 126, 0, 29, 113, 0, 126, 0, 33, 113, 0, 126, 0, 34, 115, 113, 0, 126, 0, 24, 113, 0, 126, 0, 29, 113, 0, 126, 0, 57, 113, 0, 126, 0, 33, 113, 0, 126, 0, 120, 115, 113, 0, 126, 0, 36, 0, 0, 0, 0, 0, 0, 0, 6, 113, 0, 126, 0, 72, 115, 113, 0, 126, 0, 75, 1, 115, 113, 0, 126, 0, 24, 113, 0, 126, 0, 29, 113, 0, 126, 0, 33, 113, 0, 126, 0, 34, 115, 113, 0, 126, 0, 24, 113, 0, 126, 0, 29, 113, 0, 126, 0, 57, 113, 0, 126, 0, 33, 113, 0, 126, 0, 120, 115, 113, 0, 126, 0, 36, 0, 0, 0, 1, 0, 0, 0, 6, 113, 0, 126, 0, 72, 115, 113, 0, 126, 0, 75, 1, 115, 113, 0, 126, 0, 24, 113, 0, 126, 0, 29, 113, 0, 126, 0, 33, 113, 0, 126, 0, 34, 115, 113, 0, 126, 0, 24, 113, 0, 126, 0, 29, 113, 0, 126, 0, 57, 113, 0, 126, 0, 33, 113, 0, 126, 0, 120, 115, 113, 0, 126, 0, 36, 0, 0, 0, 2, 0, 0, 0, 6, 113, 0, 126, 0, 72, 115, 113, 0, 126, 0, 75, 1, 115, 113, 0, 126, 0, 24, 113, 0, 126, 0, 29, 113, 0, 126, 0, 33, 113, 0, 126, 0, 34, 115, 113, 0, 126, 0, 24, 113, 0, 126, 0, 29, 113, 0, 126, 0, 57, 113, 0, 126, 0, 33, 113, 0, 126, 0, 120, 115, 113, 0, 126, 0, 36, 0, 0, 0, 3, 0, 0, 0, 6, 113, 0, 126, 0, 72, 115, 113, 0, 126, 0, 75, 1, 115, 113, 0, 126, 0, 24, 113, 0, 126, 0, 29, 113, 0, 126, 0, 33, 113, 0, 126, 0, 34, 115, 113, 0, 126, 0, 24, 113, 0, 126, 0, 29, 113, 0, 126, 0, 57, 113, 0, 126, 0, 33, 113, 0, 126, 0, 120, 115, 113, 0, 126, 0, 36, 0, 0, 0, 4, 0, 0, 0, 6, 113, 0, 126, 0, 72, 115, 113, 0, 126, 0, 75, 1, 115, 113, 0, 126, 0, 24, 113, 0, 126, 0, 29, 113, 0, 126, 0, 33, 113, 0, 126, 0, 34, 115, 113, 0, 126, 0, 24, 113, 0, 126, 0, 29, 113, 0, 126, 0, 57, 113, 0, 126, 0, 33, 113, 0, 126, 0, 120, 115, 113, 0, 126, 0, 36, 0, 0, 0, 5, 0, 0, 0, 6, 113, 0, 126, 0, 72, 115, 113, 0, 126, 0, 75, 1, 115, 113, 0, 126, 0, 24, 113, 0, 126, 0, 29, 113, 0, 126, 0, 33, 113, 0, 126, 0, 34, 115, 113, 0, 126, 0, 24, 113, 0, 126, 0, 29, 113, 0, 126, 0, 57, 113, 0, 126, 0, 33, 113, 0, 126, 0, 120, 115, 113, 0, 126, 0, 36, 0, 0, 0, 6, 0, 0, 0, 6, 113, 0, 126, 0, 72, 115, 113, 0, 126, 0, 75, 1, 115, 113, 0, 126, 0, 24, 113, 0, 126, 0, 29, 113, 0, 126, 0, 33, 113, 0, 126, 0, 34, 115, 113, 0, 126, 0, 24, 113, 0, 126, 0, 29, 113, 0, 126, 0, 57, 113, 0, 126, 0, 33, 113, 0, 126, 0, 120, 115, 113, 0, 126, 0, 36, 0, 0, 0, 7, 0, 0, 0, 6, 113, 0, 126, 0, 72, 120, 113, 0, 126, 0, 108, 115, 113, 0, 126, 0, 15, 0, 0, 0, 2, 119, 4, 0, 0, 0, 2, 115, 113, 0, 126, 0, 111, 1, 115, 113, 0, 126, 0, 24, 113, 0, 126, 0, 29, 113, 0, 126, 0, 44, 113, 0, 126, 0, 34, 115, 113, 0, 126, 0, 24, 113, 0, 126, 0, 29, 113, 0, 126, 0, 44, 113, 0, 126, 0, 34, 113, 0, 126, 0, 120, 115, 113, 0, 126, 0, 36, 0, 0, 0, 0, 0, 0, 0, 7, 113, 0, 126, 0, 108, 115, 113, 0, 126, 0, 111, 1, 115, 113, 0, 126, 0, 24, 113, 0, 126, 0, 29, 113, 0, 126, 0, 44, 113, 0, 126, 0, 34, 115, 113, 0, 126, 0, 24, 113, 0, 126, 0, 29, 113, 0, 126, 0, 44, 113, 0, 126, 0, 34, 113, 0, 126, 0, 120, 115, 113, 0, 126, 0, 36, 0, 0, 0, 7, 0, 0, 0, 7, 113, 0, 126, 0, 108, 120, 120, 120, 117, 114, 0, 36, 91, 91, 76, 99, 111, 109, 46, 115, 116, 101, 108, 109, 97, 99, 104, 46, 98, 97, 114, 116, 111, 115, 122, 46, 112, 105, 101, 99, 101, 46, 80, 105, 101, 99, 101, 59, -115, -1, -19, 73, 13, -45, -51, -81, 2, 0, 0, 120, 112, 0, 0, 0, 8, 117, 114, 0, 35, 91, 76, 99, 111, 109, 46, 115, 116, 101, 108, 109, 97, 99, 104, 46, 98, 97, 114, 116, 111, 115, 122, 46, 112, 105, 101, 99, 101, 46, 80, 105, 101, 99, 101, 59, -123, 122, -35, -92, 11, 6, 77, -8, 2, 0, 0, 120, 112, 0, 0, 0, 8, 113, 0, 126, 0, 112, 113, 0, 126, 0, 55, 113, 0, 126, 0, 42, 113, 0, 126, 0, 68, 113, 0, 126, 0, 23, 113, 0, 126, 0, 47, 113, 0, 126, 0, 60, 113, 0, 126, 0, 116, 117, 113, 0, 126, 0, -61, 0, 0, 0, 8, 113, 0, 126, 0, 76, 113, 0, 126, 0, 80, 113, 0, 126, 0, 84, 113, 0, 126, 0, 88, 113, 0, 126, 0, 92, 113, 0, 126, 0, 96, 113, 0, 126, 0, 100, 113, 0, 126, 0, 104, 117, 113, 0, 126, 0, -61, 0, 0, 0, 8, 112, 112, 112, 112, 112, 112, 112, 112, 117, 113, 0, 126, 0, -61, 0, 0, 0, 8, 112, 112, 112, 112, 112, 112, 112, 112, 117, 113, 0, 126, 0, -61, 0, 0, 0, 8, 112, 112, 112, 112, 112, 112, 112, 112, 117, 113, 0, 126, 0, -61, 0, 0, 0, 8, 112, 112, 112, 112, 112, 112, 112, 112, 117, 113, 0, 126, 0, -61, 0, 0, 0, 8, 113, 0, 126, 0, -104, 113, 0, 126, 0, -100, 113, 0, 126, 0, -96, 113, 0, 126, 0, -92, 113, 0, 126, 0, -88, 113, 0, 126, 0, -84, 113, 0, 126, 0, -80, 113, 0, 126, 0, -76, 117, 113, 0, 126, 0, -61, 0, 0, 0, 8, 113, 0, 126, 0, -71, 113, 0, 126, 0, -118, 113, 0, 126, 0, -127, 113, 0, 126, 0, -109, 113, 0, 126, 0, 124, 113, 0, 126, 0, -123, 113, 0, 126, 0, -114, 113, 0, 126, 0, -67], board=null)
2023.01.30 18:48:52.221 [TRACE] com.stelmach.bartosz.controller.ChessController: /startGame endpoint called with parameters id: 37, colour: WHITE, move: e4
2023.01.30 18:48:52.238 [TRACE] com.stelmach.bartosz.controller.ChessController: /getGame endpoint called with parameters id: 37
2023.01.30 18:48:57.102 [TRACE] com.stelmach.bartosz.controller.ChessController: /startGame endpoint called with parameters id: 37, colour: BLACK, move: c6
2023.01.30 18:48:57.117 [TRACE] com.stelmach.bartosz.controller.ChessController: /getGame endpoint called with parameters id: 37
2023.01.30 18:49:02.582 [TRACE] com.stelmach.bartosz.controller.ChessController: /startGame endpoint called with parameters id: 37, colour: WHITE, move: d4
2023.01.30 18:49:02.596 [TRACE] com.stelmach.bartosz.controller.ChessController: /getGame endpoint called with parameters id: 37
2023.01.30 18:49:06.264 [TRACE] com.stelmach.bartosz.controller.ChessController: /startGame endpoint called with parameters id: 37, colour: BLACK, move: d5
2023.01.30 18:49:06.278 [TRACE] com.stelmach.bartosz.controller.ChessController: /getGame endpoint called with parameters id: 37
2023.01.30 18:49:16.754 [TRACE] com.stelmach.bartosz.controller.ChessController: /startGame endpoint called with parameters id: 37, colour: WHITE, move: e5
2023.01.30 18:49:16.767 [TRACE] com.stelmach.bartosz.controller.ChessController: /getGame endpoint called with parameters id: 37
2023.01.30 18:49:24.181 [TRACE] com.stelmach.bartosz.controller.ChessController: /startGame endpoint called with parameters id: 37, colour: BLACK, move: Bf5
2023.01.30 18:49:24.196 [TRACE] com.stelmach.bartosz.controller.ChessController: /getGame endpoint called with parameters id: 37
2023.01.30 18:49:33.188 [TRACE] com.stelmach.bartosz.controller.ChessController: /startGame endpoint called with parameters id: 37, colour: WHITE, move: Bd3
2023.01.30 18:49:33.203 [TRACE] com.stelmach.bartosz.controller.ChessController: /getGame endpoint called with parameters id: 37
2023.01.30 18:49:43.565 [TRACE] com.stelmach.bartosz.controller.ChessController: /startGame endpoint called with parameters id: 37, colour: BLACK, move: Bxd3
2023.01.30 18:49:43.574 [ERROR] com.stelmach.bartosz.controller.RestResponseExceptionHandler: Request mapping: uri=/playMove
2023.01.30 18:49:43.574 [ERROR] com.stelmach.bartosz.controller.RestResponseExceptionHandler: Request input params:
2023.01.30 18:49:43.574 [ERROR] com.stelmach.bartosz.controller.RestResponseExceptionHandler: id: [37]
2023.01.30 18:49:43.575 [ERROR] com.stelmach.bartosz.controller.RestResponseExceptionHandler: colour: [BLACK]
2023.01.30 18:49:43.575 [ERROR] com.stelmach.bartosz.controller.RestResponseExceptionHandler: move: [Bxd3]
2023.01.30 18:49:43.575 [ERROR] com.stelmach.bartosz.controller.RestResponseExceptionHandler: Exception message: Taking symbol 'x' is not in the expected place of the non-pawn taking move notation
2023.01.30 18:49:43.575 [ERROR] com.stelmach.bartosz.controller.RestResponseExceptionHandler: Exception stack trace: java.lang.IllegalArgumentException: Taking symbol 'x' is not in the expected place of the non-pawn taking move notation
	at com.stelmach.bartosz.move.service.MoveNotationParser.isMoveTaking(MoveNotationParser.java:93)
	at com.stelmach.bartosz.move.service.MoveParser.parseMoveNonPawnSpecific(MoveParser.java:72)
	at com.stelmach.bartosz.move.service.MoveParser.parseMoveSpecific(MoveParser.java:59)
	at com.stelmach.bartosz.move.service.MoveParser.parseMove(MoveParser.java:32)
	at com.stelmach.bartosz.move.service.MovePlayer.playMove(MovePlayer.java:39)
	at com.stelmach.bartosz.controller.ChessController.playMove(ChessController.java:48)
	at java.base/jdk.internal.reflect.NativeMethodAccessorImpl.invoke0(Native Method)
	at java.base/jdk.internal.reflect.NativeMethodAccessorImpl.invoke(NativeMethodAccessorImpl.java:77)
	at java.base/jdk.internal.reflect.DelegatingMethodAccessorImpl.invoke(DelegatingMethodAccessorImpl.java:43)
	at java.base/java.lang.reflect.Method.invoke(Method.java:568)
	at org.springframework.web.method.support.InvocableHandlerMethod.doInvoke(InvocableHandlerMethod.java:205)
	at org.springframework.web.method.support.InvocableHandlerMethod.invokeForRequest(InvocableHandlerMethod.java:150)
	at org.springframework.web.servlet.mvc.method.annotation.ServletInvocableHandlerMethod.invokeAndHandle(ServletInvocableHandlerMethod.java:117)
	at org.springframework.web.servlet.mvc.method.annotation.RequestMappingHandlerAdapter.invokeHandlerMethod(RequestMappingHandlerAdapter.java:895)
	at org.springframework.web.servlet.mvc.method.annotation.RequestMappingHandlerAdapter.handleInternal(RequestMappingHandlerAdapter.java:808)
	at org.springframework.web.servlet.mvc.method.AbstractHandlerMethodAdapter.handle(AbstractHandlerMethodAdapter.java:87)
	at org.springframework.web.servlet.DispatcherServlet.doDispatch(DispatcherServlet.java:1070)
	at org.springframework.web.servlet.DispatcherServlet.doService(DispatcherServlet.java:963)
	at org.springframework.web.servlet.FrameworkServlet.processRequest(FrameworkServlet.java:1006)
	at org.springframework.web.servlet.FrameworkServlet.doPost(FrameworkServlet.java:909)
	at javax.servlet.http.HttpServlet.service(HttpServlet.java:681)
	at org.springframework.web.servlet.FrameworkServlet.service(FrameworkServlet.java:883)
	at javax.servlet.http.HttpServlet.service(HttpServlet.java:764)
	at org.apache.catalina.core.ApplicationFilterChain.internalDoFilter(ApplicationFilterChain.java:227)
	at org.apache.catalina.core.ApplicationFilterChain.doFilter(ApplicationFilterChain.java:162)
	at org.apache.tomcat.websocket.server.WsFilter.doFilter(WsFilter.java:53)
	at org.apache.catalina.core.ApplicationFilterChain.internalDoFilter(ApplicationFilterChain.java:189)
	at org.apache.catalina.core.ApplicationFilterChain.doFilter(ApplicationFilterChain.java:162)
	at org.springframework.web.filter.RequestContextFilter.doFilterInternal(RequestContextFilter.java:100)
	at org.springframework.web.filter.OncePerRequestFilter.doFilter(OncePerRequestFilter.java:117)
	at org.apache.catalina.core.ApplicationFilterChain.internalDoFilter(ApplicationFilterChain.java:189)
	at org.apache.catalina.core.ApplicationFilterChain.doFilter(ApplicationFilterChain.java:162)
	at org.springframework.web.filter.FormContentFilter.doFilterInternal(FormContentFilter.java:93)
	at org.springframework.web.filter.OncePerRequestFilter.doFilter(OncePerRequestFilter.java:117)
	at org.apache.catalina.core.ApplicationFilterChain.internalDoFilter(ApplicationFilterChain.java:189)
	at org.apache.catalina.core.ApplicationFilterChain.doFilter(ApplicationFilterChain.java:162)
	at org.springframework.web.filter.CharacterEncodingFilter.doFilterInternal(CharacterEncodingFilter.java:201)
	at org.springframework.web.filter.OncePerRequestFilter.doFilter(OncePerRequestFilter.java:117)
	at org.apache.catalina.core.ApplicationFilterChain.internalDoFilter(ApplicationFilterChain.java:189)
	at org.apache.catalina.core.ApplicationFilterChain.doFilter(ApplicationFilterChain.java:162)
	at org.apache.catalina.core.StandardWrapperValve.invoke(StandardWrapperValve.java:197)
	at org.apache.catalina.core.StandardContextValve.invoke(StandardContextValve.java:97)
	at org.apache.catalina.authenticator.AuthenticatorBase.invoke(AuthenticatorBase.java:541)
	at org.apache.catalina.core.StandardHostValve.invoke(StandardHostValve.java:135)
	at org.apache.catalina.valves.ErrorReportValve.invoke(ErrorReportValve.java:92)
	at org.apache.catalina.core.StandardEngineValve.invoke(StandardEngineValve.java:78)
	at org.apache.catalina.connector.CoyoteAdapter.service(CoyoteAdapter.java:360)
	at org.apache.coyote.http11.Http11Processor.service(Http11Processor.java:399)
	at org.apache.coyote.AbstractProcessorLight.process(AbstractProcessorLight.java:65)
	at org.apache.coyote.AbstractProtocol$ConnectionHandler.process(AbstractProtocol.java:890)
	at org.apache.tomcat.util.net.NioEndpoint$SocketProcessor.doRun(NioEndpoint.java:1789)
	at org.apache.tomcat.util.net.SocketProcessorBase.run(SocketProcessorBase.java:49)
	at org.apache.tomcat.util.threads.ThreadPoolExecutor.runWorker(ThreadPoolExecutor.java:1191)
	at org.apache.tomcat.util.threads.ThreadPoolExecutor$Worker.run(ThreadPoolExecutor.java:659)
	at org.apache.tomcat.util.threads.TaskThread$WrappingRunnable.run(TaskThread.java:61)
	at java.base/java.lang.Thread.run(Thread.java:833)

